2023-01-02T05:40:01+00:00 CRITICAL Uncaught ArgumentCountError: Too few arguments to function Lswp_api::lcwp_update_product(), 1 passed in C:\laragon\www\woocommerce-plugin\wp-includes\rest-api\class-wp-rest-server.php on line 1141 and exactly 2 expected in C:\laragon\www\woocommerce-plugin\wp-content\plugins\lazychat\api\api.php:1124
Stack trace:
#0 C:\laragon\www\woocommerce-plugin\wp-includes\rest-api\class-wp-rest-server.php(1141): Lswp_api->lcwp_update_product(Object(WP_REST_Request))
#1 C:\laragon\www\woocommerce-plugin\wp-includes\rest-api\class-wp-rest-server.php(988): WP_REST_Server->respond_to_request(Object(WP_REST_Request), '/lazychat/v1/up...', Array, NULL)
#2 C:\laragon\www\woocommerce-plugin\wp-includes\rest-api\class-wp-rest-server.php(414): WP_REST_Server->dispatch(Object(WP_REST_Request))
#3 C:\laragon\www\woocommerce-plugin\wp-includes\rest-api.php(386): WP_REST_Server->serve_request('/lazychat/v1/up...')
#4 C:\laragon\www\woocommerce-plugin\wp-includes\class-wp-hook.php(307): rest_api_loaded(Object(WP))
#5 C:\laragon\www\wo in C:\laragon\www\woocommerce-plugin\wp-content\plugins\lazychat\api\api.php on line 1124

2023-01-02T06:01:11+00:00 CRITICAL Uncaught ArgumentCountError: Too few arguments to function Lswp_api::lcwp_update_product(), 1 passed in C:\laragon\www\woocommerce-plugin\wp-includes\rest-api\class-wp-rest-server.php on line 1141 and exactly 2 expected in C:\laragon\www\woocommerce-plugin\wp-content\plugins\lazychat\api\api.php:1124
Stack trace:
#0 C:\laragon\www\woocommerce-plugin\wp-includes\rest-api\class-wp-rest-server.php(1141): Lswp_api->lcwp_update_product(Object(WP_REST_Request))
#1 C:\laragon\www\woocommerce-plugin\wp-includes\rest-api\class-wp-rest-server.php(988): WP_REST_Server->respond_to_request(Object(WP_REST_Request), '/lazychat/v1/up...', Array, NULL)
#2 C:\laragon\www\woocommerce-plugin\wp-includes\rest-api\class-wp-rest-server.php(414): WP_REST_Server->dispatch(Object(WP_REST_Request))
#3 C:\laragon\www\woocommerce-plugin\wp-includes\rest-api.php(386): WP_REST_Server->serve_request('/lazychat/v1/up...')
#4 C:\laragon\www\woocommerce-plugin\wp-includes\class-wp-hook.php(307): rest_api_loaded(Object(WP))
#5 C:\laragon\www\wo in C:\laragon\www\woocommerce-plugin\wp-content\plugins\lazychat\api\api.php on line 1124

2023-01-02T07:31:14+00:00 CRITICAL Uncaught WC_Data_Exception: Invalid product type: passed ID does not correspond to a product variation. in C:\laragon\www\woocommerce-plugin\wp-content\plugins\woocommerce\includes\data-stores\class-wc-product-variation-data-store-cpt.php:58
Stack trace:
#0 C:\laragon\www\woocommerce-plugin\wp-content\plugins\woocommerce\includes\class-wc-data-store.php(159): WC_Product_Variation_Data_Store_CPT->read(Object(WC_Product_Variation))
#1 C:\laragon\www\woocommerce-plugin\wp-content\plugins\woocommerce\includes\abstracts\abstract-wc-product.php(138): WC_Data_Store->read(Object(WC_Product_Variation))
#2 C:\laragon\www\woocommerce-plugin\wp-content\plugins\woocommerce\includes\class-wc-product-simple.php(24): WC_Product->__construct(15)
#3 C:\laragon\www\woocommerce-plugin\wp-content\plugins\woocommerce\includes\class-wc-product-variation.php(54): WC_Product_Simple->__construct(15)
#4 C:\laragon\www\woocommerce-plugin\wp-content\plugins\lazychat\api\api.php(1226): WC_Product_Variation->__construct(15)
#5 C:\laragon\w in C:\laragon\www\woocommerce-plugin\wp-content\plugins\woocommerce\includes\data-stores\class-wc-product-variation-data-store-cpt.php on line 58

2023-01-02T07:45:34+00:00 CRITICAL Uncaught TypeError: Argument 1 passed to Automattic\WooCommerce\Internal\ProductAttributesLookup\LookupDataStore::get_attribute_taxonomies() must be an instance of WC_Product, bool given, called in C:\laragon\www\woocommerce-plugin\wp-content\plugins\woocommerce\src\Internal\ProductAttributesLookup\LookupDataStore.php on line 378 and defined in C:\laragon\www\woocommerce-plugin\wp-content\plugins\woocommerce\src\Internal\ProductAttributesLookup\LookupDataStore.php:516
Stack trace:
#0 C:\laragon\www\woocommerce-plugin\wp-content\plugins\woocommerce\src\Internal\ProductAttributesLookup\LookupDataStore.php(378): Automattic\WooCommerce\Internal\ProductAttributesLookup\LookupDataStore->get_attribute_taxonomies(false)
#1 C:\laragon\www\woocommerce-plugin\wp-content\plugins\woocommerce\src\Internal\ProductAttributesLookup\LookupDataStore.php(283): Automattic\WooCommerce\Internal\ProductAttributesLookup\LookupDataStore->create_data_for_variation(Object(WC_Product_Variation))
#2 C:\laragon\www\woocommerce-plugin\wp-co in C:\laragon\www\woocommerce-plugin\wp-content\plugins\woocommerce\src\Internal\ProductAttributesLookup\LookupDataStore.php on line 516

2023-01-02T10:27:20+00:00 CRITICAL syntax error, unexpected 'if' (T_IF) in C:\laragon\www\woocommerce-plugin\wp-content\plugins\lazychat\api\api.php on line 1255

2023-01-02T10:28:16+00:00 CRITICAL Uncaught Error: Call to undefined function dd() in C:\laragon\www\woocommerce-plugin\wp-content\plugins\lazychat\api\api.php:1254
Stack trace:
#0 C:\laragon\www\woocommerce-plugin\wp-content\plugins\lazychat\api\api.php(1230): Lswp_api->setVariationData(Object(WC_Product_Variation), Array)
#1 C:\laragon\www\woocommerce-plugin\wp-includes\rest-api\class-wp-rest-server.php(1141): Lswp_api->lcwp_update_variation(Object(WP_REST_Request))
#2 C:\laragon\www\woocommerce-plugin\wp-includes\rest-api\class-wp-rest-server.php(988): WP_REST_Server->respond_to_request(Object(WP_REST_Request), '/lazychat/v1/up...', Array, NULL)
#3 C:\laragon\www\woocommerce-plugin\wp-includes\rest-api\class-wp-rest-server.php(414): WP_REST_Server->dispatch(Object(WP_REST_Request))
#4 C:\laragon\www\woocommerce-plugin\wp-includes\rest-api.php(386): WP_REST_Server->serve_request('/lazychat/v1/up...')
#5 C:\laragon\www\woocommerce-plugin\wp-includes\class-wp-hook.php(307): rest_api_loaded(Object(WP))
#6 C:\laragon\www\woocommerce-plugin\wp-in in C:\laragon\www\woocommerce-plugin\wp-content\plugins\lazychat\api\api.php on line 1254

2023-01-02T10:28:56+00:00 CRITICAL Uncaught Error: Call to undefined function dd() in C:\laragon\www\woocommerce-plugin\wp-content\plugins\lazychat\api\api.php:1254
Stack trace:
#0 C:\laragon\www\woocommerce-plugin\wp-content\plugins\lazychat\api\api.php(1230): Lswp_api->setVariationData(Object(WC_Product_Variation), Array)
#1 C:\laragon\www\woocommerce-plugin\wp-includes\rest-api\class-wp-rest-server.php(1141): Lswp_api->lcwp_update_variation(Object(WP_REST_Request))
#2 C:\laragon\www\woocommerce-plugin\wp-includes\rest-api\class-wp-rest-server.php(988): WP_REST_Server->respond_to_request(Object(WP_REST_Request), '/lazychat/v1/up...', Array, NULL)
#3 C:\laragon\www\woocommerce-plugin\wp-includes\rest-api\class-wp-rest-server.php(414): WP_REST_Server->dispatch(Object(WP_REST_Request))
#4 C:\laragon\www\woocommerce-plugin\wp-includes\rest-api.php(386): WP_REST_Server->serve_request('/lazychat/v1/up...')
#5 C:\laragon\www\woocommerce-plugin\wp-includes\class-wp-hook.php(307): rest_api_loaded(Object(WP))
#6 C:\laragon\www\woocommerce-plugin\wp-in in C:\laragon\www\woocommerce-plugin\wp-content\plugins\lazychat\api\api.php on line 1254

2023-01-02T10:29:53+00:00 CRITICAL Uncaught Error: Call to a member function get_id() on array in C:\laragon\www\woocommerce-plugin\wp-content\plugins\lazychat\api\api.php:1231
Stack trace:
#0 C:\laragon\www\woocommerce-plugin\wp-includes\rest-api\class-wp-rest-server.php(1141): Lswp_api->lcwp_update_variation(Object(WP_REST_Request))
#1 C:\laragon\www\woocommerce-plugin\wp-includes\rest-api\class-wp-rest-server.php(988): WP_REST_Server->respond_to_request(Object(WP_REST_Request), '/lazychat/v1/up...', Array, NULL)
#2 C:\laragon\www\woocommerce-plugin\wp-includes\rest-api\class-wp-rest-server.php(414): WP_REST_Server->dispatch(Object(WP_REST_Request))
#3 C:\laragon\www\woocommerce-plugin\wp-includes\rest-api.php(386): WP_REST_Server->serve_request('/lazychat/v1/up...')
#4 C:\laragon\www\woocommerce-plugin\wp-includes\class-wp-hook.php(307): rest_api_loaded(Object(WP))
#5 C:\laragon\www\woocommerce-plugin\wp-includes\class-wp-hook.php(331): WP_Hook->apply_filters(NULL, Array)
#6 C:\laragon\www\woocommerce-plugin\wp-includes\plugin.php(522): WP_ in C:\laragon\www\woocommerce-plugin\wp-content\plugins\lazychat\api\api.php on line 1231

2023-01-02T10:31:10+00:00 CRITICAL Uncaught Error: Call to a member function get_id() on array in C:\laragon\www\woocommerce-plugin\wp-content\plugins\lazychat\api\api.php:1231
Stack trace:
#0 C:\laragon\www\woocommerce-plugin\wp-includes\rest-api\class-wp-rest-server.php(1141): Lswp_api->lcwp_update_variation(Object(WP_REST_Request))
#1 C:\laragon\www\woocommerce-plugin\wp-includes\rest-api\class-wp-rest-server.php(988): WP_REST_Server->respond_to_request(Object(WP_REST_Request), '/lazychat/v1/up...', Array, NULL)
#2 C:\laragon\www\woocommerce-plugin\wp-includes\rest-api\class-wp-rest-server.php(414): WP_REST_Server->dispatch(Object(WP_REST_Request))
#3 C:\laragon\www\woocommerce-plugin\wp-includes\rest-api.php(386): WP_REST_Server->serve_request('/lazychat/v1/up...')
#4 C:\laragon\www\woocommerce-plugin\wp-includes\class-wp-hook.php(307): rest_api_loaded(Object(WP))
#5 C:\laragon\www\woocommerce-plugin\wp-includes\class-wp-hook.php(331): WP_Hook->apply_filters(NULL, Array)
#6 C:\laragon\www\woocommerce-plugin\wp-includes\plugin.php(522): WP_ in C:\laragon\www\woocommerce-plugin\wp-content\plugins\lazychat\api\api.php on line 1231

2023-01-02T10:31:55+00:00 CRITICAL Uncaught Error: Call to a member function get_id() on array in C:\laragon\www\woocommerce-plugin\wp-content\plugins\lazychat\api\api.php:1231
Stack trace:
#0 C:\laragon\www\woocommerce-plugin\wp-includes\rest-api\class-wp-rest-server.php(1141): Lswp_api->lcwp_update_variation(Object(WP_REST_Request))
#1 C:\laragon\www\woocommerce-plugin\wp-includes\rest-api\class-wp-rest-server.php(988): WP_REST_Server->respond_to_request(Object(WP_REST_Request), '/lazychat/v1/up...', Array, NULL)
#2 C:\laragon\www\woocommerce-plugin\wp-includes\rest-api\class-wp-rest-server.php(414): WP_REST_Server->dispatch(Object(WP_REST_Request))
#3 C:\laragon\www\woocommerce-plugin\wp-includes\rest-api.php(386): WP_REST_Server->serve_request('/lazychat/v1/up...')
#4 C:\laragon\www\woocommerce-plugin\wp-includes\class-wp-hook.php(307): rest_api_loaded(Object(WP))
#5 C:\laragon\www\woocommerce-plugin\wp-includes\class-wp-hook.php(331): WP_Hook->apply_filters(NULL, Array)
#6 C:\laragon\www\woocommerce-plugin\wp-includes\plugin.php(522): WP_ in C:\laragon\www\woocommerce-plugin\wp-content\plugins\lazychat\api\api.php on line 1231

2023-01-02T10:33:10+00:00 CRITICAL Uncaught Error: Call to a member function get_id() on array in C:\laragon\www\woocommerce-plugin\wp-content\plugins\lazychat\api\api.php:1232
Stack trace:
#0 C:\laragon\www\woocommerce-plugin\wp-includes\rest-api\class-wp-rest-server.php(1141): Lswp_api->lcwp_update_variation(Object(WP_REST_Request))
#1 C:\laragon\www\woocommerce-plugin\wp-includes\rest-api\class-wp-rest-server.php(988): WP_REST_Server->respond_to_request(Object(WP_REST_Request), '/lazychat/v1/up...', Array, NULL)
#2 C:\laragon\www\woocommerce-plugin\wp-includes\rest-api\class-wp-rest-server.php(414): WP_REST_Server->dispatch(Object(WP_REST_Request))
#3 C:\laragon\www\woocommerce-plugin\wp-includes\rest-api.php(386): WP_REST_Server->serve_request('/lazychat/v1/up...')
#4 C:\laragon\www\woocommerce-plugin\wp-includes\class-wp-hook.php(307): rest_api_loaded(Object(WP))
#5 C:\laragon\www\woocommerce-plugin\wp-includes\class-wp-hook.php(331): WP_Hook->apply_filters(NULL, Array)
#6 C:\laragon\www\woocommerce-plugin\wp-includes\plugin.php(522): WP_ in C:\laragon\www\woocommerce-plugin\wp-content\plugins\lazychat\api\api.php on line 1232

2023-01-02T10:34:56+00:00 CRITICAL Uncaught Error: Call to a member function get_id() on array in C:\laragon\www\woocommerce-plugin\wp-content\plugins\lazychat\api\api.php:1232
Stack trace:
#0 C:\laragon\www\woocommerce-plugin\wp-includes\rest-api\class-wp-rest-server.php(1141): Lswp_api->lcwp_update_variation(Object(WP_REST_Request))
#1 C:\laragon\www\woocommerce-plugin\wp-includes\rest-api\class-wp-rest-server.php(988): WP_REST_Server->respond_to_request(Object(WP_REST_Request), '/lazychat/v1/up...', Array, NULL)
#2 C:\laragon\www\woocommerce-plugin\wp-includes\rest-api\class-wp-rest-server.php(414): WP_REST_Server->dispatch(Object(WP_REST_Request))
#3 C:\laragon\www\woocommerce-plugin\wp-includes\rest-api.php(386): WP_REST_Server->serve_request('/lazychat/v1/up...')
#4 C:\laragon\www\woocommerce-plugin\wp-includes\class-wp-hook.php(307): rest_api_loaded(Object(WP))
#5 C:\laragon\www\woocommerce-plugin\wp-includes\class-wp-hook.php(331): WP_Hook->apply_filters(NULL, Array)
#6 C:\laragon\www\woocommerce-plugin\wp-includes\plugin.php(522): WP_ in C:\laragon\www\woocommerce-plugin\wp-content\plugins\lazychat\api\api.php on line 1232

2023-01-02T10:56:37+00:00 CRITICAL Uncaught Error: Call to undefined function dd() in C:\laragon\www\woocommerce-plugin\wp-content\plugins\lazychat\api\api.php:1266
Stack trace:
#0 C:\laragon\www\woocommerce-plugin\wp-content\plugins\lazychat\api\api.php(1230): Lswp_api->setVariationData(Object(WC_Product_Variation), Array)
#1 C:\laragon\www\woocommerce-plugin\wp-includes\rest-api\class-wp-rest-server.php(1141): Lswp_api->lcwp_update_variation(Object(WP_REST_Request))
#2 C:\laragon\www\woocommerce-plugin\wp-includes\rest-api\class-wp-rest-server.php(988): WP_REST_Server->respond_to_request(Object(WP_REST_Request), '/lazychat/v1/up...', Array, NULL)
#3 C:\laragon\www\woocommerce-plugin\wp-includes\rest-api\class-wp-rest-server.php(414): WP_REST_Server->dispatch(Object(WP_REST_Request))
#4 C:\laragon\www\woocommerce-plugin\wp-includes\rest-api.php(386): WP_REST_Server->serve_request('/lazychat/v1/up...')
#5 C:\laragon\www\woocommerce-plugin\wp-includes\class-wp-hook.php(307): rest_api_loaded(Object(WP))
#6 C:\laragon\www\woocommerce-plugin\wp-in in C:\laragon\www\woocommerce-plugin\wp-content\plugins\lazychat\api\api.php on line 1266

2023-01-02T11:32:09+00:00 CRITICAL Uncaught Error: Call to a member function get_id() on array in C:\laragon\www\woocommerce-plugin\wp-content\plugins\lazychat\api\api.php:1150
Stack trace:
#0 C:\laragon\www\woocommerce-plugin\wp-includes\rest-api\class-wp-rest-server.php(1141): Lswp_api->lcwp_update_product(Object(WP_REST_Request))
#1 C:\laragon\www\woocommerce-plugin\wp-includes\rest-api\class-wp-rest-server.php(988): WP_REST_Server->respond_to_request(Object(WP_REST_Request), '/lazychat/v1/up...', Array, NULL)
#2 C:\laragon\www\woocommerce-plugin\wp-includes\rest-api\class-wp-rest-server.php(414): WP_REST_Server->dispatch(Object(WP_REST_Request))
#3 C:\laragon\www\woocommerce-plugin\wp-includes\rest-api.php(386): WP_REST_Server->serve_request('/lazychat/v1/up...')
#4 C:\laragon\www\woocommerce-plugin\wp-includes\class-wp-hook.php(307): rest_api_loaded(Object(WP))
#5 C:\laragon\www\woocommerce-plugin\wp-includes\class-wp-hook.php(331): WP_Hook->apply_filters(NULL, Array)
#6 C:\laragon\www\woocommerce-plugin\wp-includes\plugin.php(522): WP_Ho in C:\laragon\www\woocommerce-plugin\wp-content\plugins\lazychat\api\api.php on line 1150

2023-01-02T11:33:19+00:00 CRITICAL Uncaught Error: Call to a member function get_id() on array in C:\laragon\www\woocommerce-plugin\wp-content\plugins\lazychat\api\api.php:1150
Stack trace:
#0 C:\laragon\www\woocommerce-plugin\wp-includes\rest-api\class-wp-rest-server.php(1141): Lswp_api->lcwp_update_product(Object(WP_REST_Request))
#1 C:\laragon\www\woocommerce-plugin\wp-includes\rest-api\class-wp-rest-server.php(988): WP_REST_Server->respond_to_request(Object(WP_REST_Request), '/lazychat/v1/up...', Array, NULL)
#2 C:\laragon\www\woocommerce-plugin\wp-includes\rest-api\class-wp-rest-server.php(414): WP_REST_Server->dispatch(Object(WP_REST_Request))
#3 C:\laragon\www\woocommerce-plugin\wp-includes\rest-api.php(386): WP_REST_Server->serve_request('/lazychat/v1/up...')
#4 C:\laragon\www\woocommerce-plugin\wp-includes\class-wp-hook.php(307): rest_api_loaded(Object(WP))
#5 C:\laragon\www\woocommerce-plugin\wp-includes\class-wp-hook.php(331): WP_Hook->apply_filters(NULL, Array)
#6 C:\laragon\www\woocommerce-plugin\wp-includes\plugin.php(522): WP_Ho in C:\laragon\www\woocommerce-plugin\wp-content\plugins\lazychat\api\api.php on line 1150

2023-01-02T11:34:46+00:00 CRITICAL Uncaught Error: Call to a member function get_id() on array in C:\laragon\www\woocommerce-plugin\wp-content\plugins\lazychat\api\api.php:1150
Stack trace:
#0 C:\laragon\www\woocommerce-plugin\wp-includes\rest-api\class-wp-rest-server.php(1141): Lswp_api->lcwp_update_product(Object(WP_REST_Request))
#1 C:\laragon\www\woocommerce-plugin\wp-includes\rest-api\class-wp-rest-server.php(988): WP_REST_Server->respond_to_request(Object(WP_REST_Request), '/lazychat/v1/up...', Array, NULL)
#2 C:\laragon\www\woocommerce-plugin\wp-includes\rest-api\class-wp-rest-server.php(414): WP_REST_Server->dispatch(Object(WP_REST_Request))
#3 C:\laragon\www\woocommerce-plugin\wp-includes\rest-api.php(386): WP_REST_Server->serve_request('/lazychat/v1/up...')
#4 C:\laragon\www\woocommerce-plugin\wp-includes\class-wp-hook.php(307): rest_api_loaded(Object(WP))
#5 C:\laragon\www\woocommerce-plugin\wp-includes\class-wp-hook.php(331): WP_Hook->apply_filters(NULL, Array)
#6 C:\laragon\www\woocommerce-plugin\wp-includes\plugin.php(522): WP_Ho in C:\laragon\www\woocommerce-plugin\wp-content\plugins\lazychat\api\api.php on line 1150

2023-01-02T11:35:22+00:00 CRITICAL Uncaught Error: Call to a member function get_id() on array in C:\laragon\www\woocommerce-plugin\wp-content\plugins\lazychat\api\api.php:1150
Stack trace:
#0 C:\laragon\www\woocommerce-plugin\wp-includes\rest-api\class-wp-rest-server.php(1141): Lswp_api->lcwp_update_product(Object(WP_REST_Request))
#1 C:\laragon\www\woocommerce-plugin\wp-includes\rest-api\class-wp-rest-server.php(988): WP_REST_Server->respond_to_request(Object(WP_REST_Request), '/lazychat/v1/up...', Array, NULL)
#2 C:\laragon\www\woocommerce-plugin\wp-includes\rest-api\class-wp-rest-server.php(414): WP_REST_Server->dispatch(Object(WP_REST_Request))
#3 C:\laragon\www\woocommerce-plugin\wp-includes\rest-api.php(386): WP_REST_Server->serve_request('/lazychat/v1/up...')
#4 C:\laragon\www\woocommerce-plugin\wp-includes\class-wp-hook.php(307): rest_api_loaded(Object(WP))
#5 C:\laragon\www\woocommerce-plugin\wp-includes\class-wp-hook.php(331): WP_Hook->apply_filters(NULL, Array)
#6 C:\laragon\www\woocommerce-plugin\wp-includes\plugin.php(522): WP_Ho in C:\laragon\www\woocommerce-plugin\wp-content\plugins\lazychat\api\api.php on line 1150

