2022-12-28T03:55:16+00:00 CRITICAL syntax error, unexpected '=>' (T_DOUBLE_ARROW) in C:\laragon\www\woocommerce-plugin\wp-content\plugins\lazychat\api\api.php on line 268

2022-12-28T04:05:20+00:00 CRITICAL Uncaught ArgumentCountError: Too few arguments to function WP_REST_Request::get_param(), 0 passed in C:\laragon\www\woocommerce-plugin\wp-content\plugins\lazychat\api\api.php on line 260 and exactly 1 expected in C:\laragon\www\woocommerce-plugin\wp-includes\rest-api\class-wp-rest-request.php:395
Stack trace:
#0 C:\laragon\www\woocommerce-plugin\wp-content\plugins\lazychat\api\api.php(260): WP_REST_Request->get_param()
#1 C:\laragon\www\woocommerce-plugin\wp-includes\rest-api\class-wp-rest-server.php(1141): Lswp_api->lcwp_get_category(Object(WP_REST_Request))
#2 C:\laragon\www\woocommerce-plugin\wp-includes\rest-api\class-wp-rest-server.php(988): WP_REST_Server->respond_to_request(Object(WP_REST_Request), '/lazychat/v1/ge...', Array, NULL)
#3 C:\laragon\www\woocommerce-plugin\wp-includes\rest-api\class-wp-rest-server.php(414): WP_REST_Server->dispatch(Object(WP_REST_Request))
#4 C:\laragon\www\woocommerce-plugin\wp-includes\rest-api.php(386): WP_REST_Server->serve_request('/lazychat/v1/ge...')
#5 C:\laragon\w in C:\laragon\www\woocommerce-plugin\wp-includes\rest-api\class-wp-rest-request.php on line 395

2022-12-28T04:58:36+00:00 CRITICAL syntax error, unexpected ']', expecting ')' in C:\laragon\www\woocommerce-plugin\wp-content\plugins\lazychat\api\api.php on line 147

2022-12-28T05:00:48+00:00 CRITICAL syntax error, unexpected '}', expecting ';' in C:\laragon\www\woocommerce-plugin\wp-content\plugins\lazychat\api\api.php on line 601

2022-12-28T05:02:37+00:00 CRITICAL syntax error, unexpected 'return' (T_RETURN) in C:\laragon\www\woocommerce-plugin\wp-content\plugins\lazychat\api\api.php on line 601

2022-12-28T05:30:27+00:00 CRITICAL Uncaught Error: Call to a member function get_id() on string in C:\laragon\www\woocommerce-plugin\wp-content\plugins\lazychat\api\api.php:650
Stack trace:
#0 C:\laragon\www\woocommerce-plugin\wp-content\plugins\lazychat\api\api.php(638): Lswp_api->getVariationAttribute(Array)
#1 C:\laragon\www\woocommerce-plugin\wp-includes\rest-api\class-wp-rest-server.php(1141): Lswp_api->lcwp_get_variation(Object(WP_REST_Request))
#2 C:\laragon\www\woocommerce-plugin\wp-includes\rest-api\class-wp-rest-server.php(988): WP_REST_Server->respond_to_request(Object(WP_REST_Request), '/lazychat/v1/ge...', Array, NULL)
#3 C:\laragon\www\woocommerce-plugin\wp-includes\rest-api\class-wp-rest-server.php(414): WP_REST_Server->dispatch(Object(WP_REST_Request))
#4 C:\laragon\www\woocommerce-plugin\wp-includes\rest-api.php(386): WP_REST_Server->serve_request('/lazychat/v1/ge...')
#5 C:\laragon\www\woocommerce-plugin\wp-includes\class-wp-hook.php(307): rest_api_loaded(Object(WP))
#6 C:\laragon\www\woocommerce-plugin\wp-includes\class-wp-h in C:\laragon\www\woocommerce-plugin\wp-content\plugins\lazychat\api\api.php on line 650

2022-12-28T06:04:17+00:00 CRITICAL Uncaught Error: Call to a member function get_id() on string in C:\laragon\www\woocommerce-plugin\wp-content\plugins\lazychat\api\api.php:629
Stack trace:
#0 C:\laragon\www\woocommerce-plugin\wp-content\plugins\lazychat\api\api.php(617): Lswp_api->getVariationAttribute(Array)
#1 C:\laragon\www\woocommerce-plugin\wp-includes\rest-api\class-wp-rest-server.php(1141): Lswp_api->lcwp_get_variation(Object(WP_REST_Request))
#2 C:\laragon\www\woocommerce-plugin\wp-includes\rest-api\class-wp-rest-server.php(988): WP_REST_Server->respond_to_request(Object(WP_REST_Request), '/lazychat/v1/ge...', Array, NULL)
#3 C:\laragon\www\woocommerce-plugin\wp-includes\rest-api\class-wp-rest-server.php(414): WP_REST_Server->dispatch(Object(WP_REST_Request))
#4 C:\laragon\www\woocommerce-plugin\wp-includes\rest-api.php(386): WP_REST_Server->serve_request('/lazychat/v1/ge...')
#5 C:\laragon\www\woocommerce-plugin\wp-includes\class-wp-hook.php(307): rest_api_loaded(Object(WP))
#6 C:\laragon\www\woocommerce-plugin\wp-includes\class-wp-h in C:\laragon\www\woocommerce-plugin\wp-content\plugins\lazychat\api\api.php on line 629

2022-12-28T06:08:11+00:00 CRITICAL Uncaught Error: Call to a member function get_variation_attributes() on array in C:\laragon\www\woocommerce-plugin\wp-content\plugins\lazychat\api\api.php:628
Stack trace:
#0 C:\laragon\www\woocommerce-plugin\wp-content\plugins\lazychat\api\api.php(617): Lswp_api->getVariationAttribute(Array)
#1 C:\laragon\www\woocommerce-plugin\wp-includes\rest-api\class-wp-rest-server.php(1141): Lswp_api->lcwp_get_variation(Object(WP_REST_Request))
#2 C:\laragon\www\woocommerce-plugin\wp-includes\rest-api\class-wp-rest-server.php(988): WP_REST_Server->respond_to_request(Object(WP_REST_Request), '/lazychat/v1/ge...', Array, NULL)
#3 C:\laragon\www\woocommerce-plugin\wp-includes\rest-api\class-wp-rest-server.php(414): WP_REST_Server->dispatch(Object(WP_REST_Request))
#4 C:\laragon\www\woocommerce-plugin\wp-includes\rest-api.php(386): WP_REST_Server->serve_request('/lazychat/v1/ge...')
#5 C:\laragon\www\woocommerce-plugin\wp-includes\class-wp-hook.php(307): rest_api_loaded(Object(WP))
#6 C:\laragon\www\woocommerce-plugin\wp-in in C:\laragon\www\woocommerce-plugin\wp-content\plugins\lazychat\api\api.php on line 628

2022-12-28T07:09:02+00:00 CRITICAL Uncaught Error: Call to a member function get_id() on bool in C:\laragon\www\woocommerce-plugin\wp-content\plugins\lazychat\api\api.php:658
Stack trace:
#0 C:\laragon\www\woocommerce-plugin\wp-includes\rest-api\class-wp-rest-server.php(1141): Lswp_api->lcwp_get_product(Object(WP_REST_Request))
#1 C:\laragon\www\woocommerce-plugin\wp-includes\rest-api\class-wp-rest-server.php(988): WP_REST_Server->respond_to_request(Object(WP_REST_Request), '/lazychat/v1/ge...', Array, NULL)
#2 C:\laragon\www\woocommerce-plugin\wp-includes\rest-api\class-wp-rest-server.php(414): WP_REST_Server->dispatch(Object(WP_REST_Request))
#3 C:\laragon\www\woocommerce-plugin\wp-includes\rest-api.php(386): WP_REST_Server->serve_request('/lazychat/v1/ge...')
#4 C:\laragon\www\woocommerce-plugin\wp-includes\class-wp-hook.php(307): rest_api_loaded(Object(WP))
#5 C:\laragon\www\woocommerce-plugin\wp-includes\class-wp-hook.php(331): WP_Hook->apply_filters(NULL, Array)
#6 C:\laragon\www\woocommerce-plugin\wp-includes\plugin.php(522): WP_Hook->d in C:\laragon\www\woocommerce-plugin\wp-content\plugins\lazychat\api\api.php on line 658

2022-12-28T07:16:22+00:00 CRITICAL syntax error, unexpected 'return' (T_RETURN), expecting ';' in C:\laragon\www\woocommerce-plugin\wp-content\plugins\lazychat\api\api.php on line 122

2022-12-28T07:17:28+00:00 CRITICAL syntax error, unexpected 'return' (T_RETURN), expecting ';' in C:\laragon\www\woocommerce-plugin\wp-content\plugins\lazychat\api\api.php on line 122

2022-12-28T07:17:44+00:00 CRITICAL syntax error, unexpected 'return' (T_RETURN), expecting ';' in C:\laragon\www\woocommerce-plugin\wp-content\plugins\lazychat\api\api.php on line 122

2022-12-28T07:18:48+00:00 CRITICAL syntax error, unexpected 'return' (T_RETURN), expecting ';' in C:\laragon\www\woocommerce-plugin\wp-content\plugins\lazychat\api\api.php on line 121

2022-12-28T10:00:44+00:00 CRITICAL Cannot redeclare Lswp_api::lcwp_get_attribute() in C:\laragon\www\woocommerce-plugin\wp-content\plugins\lazychat\api\api.php on line 710

