2022-12-21T08:09:43+00:00 CRITICAL Uncaught Error: Class 'restAPIendpoint' not found in C:\laragon\www\woocommerce-plugin\wp-content\plugins\lazychat\api\api.php:297
Stack trace:
#0 C:\laragon\www\woocommerce-plugin\wp-includes\class-wp-hook.php(307): init_rest_api_endpoint(Object(WP_REST_Server))
#1 C:\laragon\www\woocommerce-plugin\wp-includes\class-wp-hook.php(331): WP_Hook->apply_filters(NULL, Array)
#2 C:\laragon\www\woocommerce-plugin\wp-includes\plugin.php(474): WP_Hook->do_action(Array)
#3 C:\laragon\www\woocommerce-plugin\wp-includes\rest-api.php(553): do_action('rest_api_init', Object(WP_REST_Server))
#4 C:\laragon\www\woocommerce-plugin\wp-includes\rest-api.php(379): rest_get_server()
#5 C:\laragon\www\woocommerce-plugin\wp-includes\class-wp-hook.php(307): rest_api_loaded(Object(WP))
#6 C:\laragon\www\woocommerce-plugin\wp-includes\class-wp-hook.php(331): WP_Hook->apply_filters(NULL, Array)
#7 C:\laragon\www\woocommerce-plugin\wp-includes\plugin.php(522): WP_Hook->do_action(Array)
#8 C:\laragon\www\woocommerce-plugin\wp-includes\cla in C:\laragon\www\woocommerce-plugin\wp-content\plugins\lazychat\api\api.php on line 297

2022-12-21T08:12:33+00:00 CRITICAL syntax error, unexpected 'return' (T_RETURN) in C:\laragon\www\woocommerce-plugin\wp-content\plugins\lazychat\api\api.php on line 81

2022-12-21T09:17:48+00:00 CRITICAL Uncaught Error: Call to undefined method WC_Product_Simple::get_products() in C:\laragon\www\woocommerce-plugin\wp-content\plugins\lazychat\api\api.php:97
Stack trace:
#0 C:\laragon\www\woocommerce-plugin\wp-includes\rest-api\class-wp-rest-server.php(1141): Lswp_api->lswp_get_products(Object(WP_REST_Request))
#1 C:\laragon\www\woocommerce-plugin\wp-includes\rest-api\class-wp-rest-server.php(988): WP_REST_Server->respond_to_request(Object(WP_REST_Request), '/lazychat/v1/ge...', Array, NULL)
#2 C:\laragon\www\woocommerce-plugin\wp-includes\rest-api\class-wp-rest-server.php(414): WP_REST_Server->dispatch(Object(WP_REST_Request))
#3 C:\laragon\www\woocommerce-plugin\wp-includes\rest-api.php(386): WP_REST_Server->serve_request('/lazychat/v1/ge...')
#4 C:\laragon\www\woocommerce-plugin\wp-includes\class-wp-hook.php(307): rest_api_loaded(Object(WP))
#5 C:\laragon\www\woocommerce-plugin\wp-includes\class-wp-hook.php(331): WP_Hook->apply_filters(NULL, Array)
#6 C:\laragon\www\woocommerce-plugin\wp-includes\plugin.php( in C:\laragon\www\woocommerce-plugin\wp-content\plugins\lazychat\api\api.php on line 97

2022-12-21T09:48:02+00:00 CRITICAL syntax error, unexpected '=', expecting ']' in C:\laragon\www\woocommerce-plugin\wp-content\plugins\lazychat\api\api.php on line 98

2022-12-21T09:50:02+00:00 CRITICAL syntax error, unexpected '$product' (T_VARIABLE), expecting ']' in C:\laragon\www\woocommerce-plugin\wp-content\plugins\lazychat\api\api.php on line 108

2022-12-21T10:14:07+00:00 CRITICAL syntax error, unexpected '}' in C:\laragon\www\woocommerce-plugin\wp-content\plugins\lazychat\api\api.php on line 137

2022-12-21T10:16:08+00:00 CRITICAL syntax error, unexpected ',' in C:\laragon\www\woocommerce-plugin\wp-content\plugins\lazychat\api\api.php on line 141

