2022-12-20T05:40:12+00:00 CRITICAL Uncaught Error: Call to undefined function lswp_create_webhooks() in C:\laragon\www\woocommerce-plugin\wp-content\plugins\lazychat\classes\Lswp_connect.php:99
Stack trace:
#0 C:\laragon\www\woocommerce-plugin\wp-includes\class-wp-hook.php(307): Lswp_connect->lswp_map_order_phase('')
#1 C:\laragon\www\woocommerce-plugin\wp-includes\class-wp-hook.php(331): WP_Hook->apply_filters('', Array)
#2 C:\laragon\www\woocommerce-plugin\wp-includes\plugin.php(474): WP_Hook->do_action(Array)
#3 C:\laragon\www\woocommerce-plugin\wp-admin\admin-ajax.php(187): do_action('wp_ajax_lswp_ma...')
#4 {main}
  thrown in C:\laragon\www\woocommerce-plugin\wp-content\plugins\lazychat\classes\Lswp_connect.php on line 99

2022-12-20T05:40:23+00:00 CRITICAL Uncaught Error: Call to undefined function lswp_create_webhooks() in C:\laragon\www\woocommerce-plugin\wp-content\plugins\lazychat\classes\Lswp_connect.php:99
Stack trace:
#0 C:\laragon\www\woocommerce-plugin\wp-includes\class-wp-hook.php(307): Lswp_connect->lswp_map_order_phase('')
#1 C:\laragon\www\woocommerce-plugin\wp-includes\class-wp-hook.php(331): WP_Hook->apply_filters('', Array)
#2 C:\laragon\www\woocommerce-plugin\wp-includes\plugin.php(474): WP_Hook->do_action(Array)
#3 C:\laragon\www\woocommerce-plugin\wp-admin\admin-ajax.php(187): do_action('wp_ajax_lswp_ma...')
#4 {main}
  thrown in C:\laragon\www\woocommerce-plugin\wp-content\plugins\lazychat\classes\Lswp_connect.php on line 99

2022-12-20T07:46:40+00:00 CRITICAL Uncaught Error: Cannot use object of type WC_Webhook as array in C:\laragon\www\woocommerce-plugin\wp-content\plugins\lazychat\classes\Lswp_connect.php:222
Stack trace:
#0 C:\laragon\www\woocommerce-plugin\wp-content\plugins\lazychat\classes\Lswp_connect.php(99): Lswp_connect->lswp_create_webhooks()
#1 C:\laragon\www\woocommerce-plugin\wp-includes\class-wp-hook.php(307): Lswp_connect->lswp_map_order_phase('')
#2 C:\laragon\www\woocommerce-plugin\wp-includes\class-wp-hook.php(331): WP_Hook->apply_filters('', Array)
#3 C:\laragon\www\woocommerce-plugin\wp-includes\plugin.php(474): WP_Hook->do_action(Array)
#4 C:\laragon\www\woocommerce-plugin\wp-admin\admin-ajax.php(187): do_action('wp_ajax_lswp_ma...')
#5 {main}
  thrown in C:\laragon\www\woocommerce-plugin\wp-content\plugins\lazychat\classes\Lswp_connect.php on line 222

2022-12-20T07:48:46+00:00 CRITICAL Uncaught Error: Cannot use object of type WC_Webhook as array in C:\laragon\www\woocommerce-plugin\wp-content\plugins\lazychat\classes\Lswp_connect.php:222
Stack trace:
#0 C:\laragon\www\woocommerce-plugin\wp-content\plugins\lazychat\classes\Lswp_connect.php(99): Lswp_connect->lswp_create_webhooks()
#1 C:\laragon\www\woocommerce-plugin\wp-includes\class-wp-hook.php(307): Lswp_connect->lswp_map_order_phase('')
#2 C:\laragon\www\woocommerce-plugin\wp-includes\class-wp-hook.php(331): WP_Hook->apply_filters('', Array)
#3 C:\laragon\www\woocommerce-plugin\wp-includes\plugin.php(474): WP_Hook->do_action(Array)
#4 C:\laragon\www\woocommerce-plugin\wp-admin\admin-ajax.php(187): do_action('wp_ajax_lswp_ma...')
#5 {main}
  thrown in C:\laragon\www\woocommerce-plugin\wp-content\plugins\lazychat\classes\Lswp_connect.php on line 222

2022-12-20T07:49:30+00:00 CRITICAL Uncaught Error: Cannot use object of type WC_Webhook as array in C:\laragon\www\woocommerce-plugin\wp-content\plugins\lazychat\classes\Lswp_connect.php:222
Stack trace:
#0 C:\laragon\www\woocommerce-plugin\wp-content\plugins\lazychat\classes\Lswp_connect.php(99): Lswp_connect->lswp_create_webhooks()
#1 C:\laragon\www\woocommerce-plugin\wp-includes\class-wp-hook.php(307): Lswp_connect->lswp_map_order_phase('')
#2 C:\laragon\www\woocommerce-plugin\wp-includes\class-wp-hook.php(331): WP_Hook->apply_filters('', Array)
#3 C:\laragon\www\woocommerce-plugin\wp-includes\plugin.php(474): WP_Hook->do_action(Array)
#4 C:\laragon\www\woocommerce-plugin\wp-admin\admin-ajax.php(187): do_action('wp_ajax_lswp_ma...')
#5 {main}
  thrown in C:\laragon\www\woocommerce-plugin\wp-content\plugins\lazychat\classes\Lswp_connect.php on line 222

2022-12-20T07:49:45+00:00 CRITICAL Uncaught Error: Cannot use object of type WC_Webhook as array in C:\laragon\www\woocommerce-plugin\wp-content\plugins\lazychat\classes\Lswp_connect.php:222
Stack trace:
#0 C:\laragon\www\woocommerce-plugin\wp-content\plugins\lazychat\classes\Lswp_connect.php(99): Lswp_connect->lswp_create_webhooks()
#1 C:\laragon\www\woocommerce-plugin\wp-includes\class-wp-hook.php(307): Lswp_connect->lswp_map_order_phase('')
#2 C:\laragon\www\woocommerce-plugin\wp-includes\class-wp-hook.php(331): WP_Hook->apply_filters('', Array)
#3 C:\laragon\www\woocommerce-plugin\wp-includes\plugin.php(474): WP_Hook->do_action(Array)
#4 C:\laragon\www\woocommerce-plugin\wp-admin\admin-ajax.php(187): do_action('wp_ajax_lswp_ma...')
#5 {main}
  thrown in C:\laragon\www\woocommerce-plugin\wp-content\plugins\lazychat\classes\Lswp_connect.php on line 222

2022-12-20T07:51:59+00:00 CRITICAL Uncaught Error: Cannot use object of type WC_Webhook as array in C:\laragon\www\woocommerce-plugin\wp-content\plugins\lazychat\classes\Lswp_connect.php:224
Stack trace:
#0 C:\laragon\www\woocommerce-plugin\wp-content\plugins\lazychat\classes\Lswp_connect.php(99): Lswp_connect->lswp_create_webhooks()
#1 C:\laragon\www\woocommerce-plugin\wp-includes\class-wp-hook.php(307): Lswp_connect->lswp_map_order_phase('')
#2 C:\laragon\www\woocommerce-plugin\wp-includes\class-wp-hook.php(331): WP_Hook->apply_filters('', Array)
#3 C:\laragon\www\woocommerce-plugin\wp-includes\plugin.php(474): WP_Hook->do_action(Array)
#4 C:\laragon\www\woocommerce-plugin\wp-admin\admin-ajax.php(187): do_action('wp_ajax_lswp_ma...')
#5 {main}
  thrown in C:\laragon\www\woocommerce-plugin\wp-content\plugins\lazychat\classes\Lswp_connect.php on line 224

2022-12-20T09:24:29+00:00 CRITICAL Uncaught Error: Call to undefined method stdClass::get_id() in C:\laragon\www\woocommerce-plugin\wp-content\plugins\lazychat\classes\Lswp_connect.php:252
Stack trace:
#0 C:\laragon\www\woocommerce-plugin\wp-content\plugins\lazychat\classes\Lswp_connect.php(116): Lswp_connect->lswp_delete_previous_webhooks()
#1 C:\laragon\www\woocommerce-plugin\wp-content\plugins\lazychat\classes\Lswp_connect.php(99): Lswp_connect->lswp_create_webhooks()
#2 C:\laragon\www\woocommerce-plugin\wp-includes\class-wp-hook.php(307): Lswp_connect->lswp_map_order_phase('')
#3 C:\laragon\www\woocommerce-plugin\wp-includes\class-wp-hook.php(331): WP_Hook->apply_filters('', Array)
#4 C:\laragon\www\woocommerce-plugin\wp-includes\plugin.php(474): WP_Hook->do_action(Array)
#5 C:\laragon\www\woocommerce-plugin\wp-admin\admin-ajax.php(187): do_action('wp_ajax_lswp_ma...')
#6 {main}
  thrown in C:\laragon\www\woocommerce-plugin\wp-content\plugins\lazychat\classes\Lswp_connect.php on line 252

