2022-12-20T06:33:50+00:00 INFO Array
(
    [Webhook Delivery] => Array
        (
            [Delivery ID] => 9d161a42ce24f9201eb24f6af48165b8
            [Date] => Dec 20, 2022 @ 6:33
            [URL] => http://f992-103-12-74-36.ngrok.io/webhooks/woocommerce-products/0eeb35bf8101207d0535936db012819c
            [Duration] => 5.15764
            [Request] => Array
                (
                    [Method] => POST
                    [Headers] => Array
                        (
                            [User-Agent] => WooCommerce/7.2.0 Hookshot (WordPress/5.9.2)
                            [Content-Type] => application/json
                            [X-WC-Webhook-Source] => http://localhost/woocommerce-plugin/
                            [X-WC-Webhook-Topic] => product.updated
                            [X-WC-Webhook-Resource] => product
                            [X-WC-Webhook-Event] => updated
                            [X-WC-Webhook-Signature] => 2HrLpAmuRRLGe7lgIt84cT9VYqaNORpmpHC+YPs5hAs=
                            [X-WC-Webhook-ID] => 56
                            [X-WC-Webhook-Delivery-ID] => 9d161a42ce24f9201eb24f6af48165b8
                        )

                )

            [Body] => Webhook body is not logged unless WP_DEBUG mode is turned on. This is to avoid the storing of personal data in the logs.
            [Response] => Array
                (
                    [Code] => 200
                    [Message] => OK
                    [Headers] => Requests_Utility_CaseInsensitiveDictionary Object
                        (
                            [data:protected] => Array
                                (
                                    [cache-control] => no-cache, private
                                    [content-type] => text/html; charset=UTF-8
                                    [date] => Array
                                        (
                                            [0] => Tue, 20 Dec 2022 06:33:49 GMT
                                            [1] => Tue, 20 Dec 2022 06:33:49 GMT
                                        )

                                    [host] => f992-103-12-74-36.ngrok.io
                                    [ngrok-trace-id] => 6b7eb1c96c068fb62d23a980bef1d84a
                                    [set-cookie] => Array
                                        (
                                            [0] => XSRF-TOKEN=eyJpdiI6IlZDVnJwL2ppRmxmSVdhNlBvazRLUkE9PSIsInZhbHVlIjoiQ2E1ejFMQUI1eDNEZlNySG84YUpGOFh0QTRRbmYzYVVHcVFlN0tSN2o1cWJpMjFReG1Ra0J6aGxoaXdLRVVMVjczc0RIWlEweTR5T1o4d1JPVjhtaVkwRVd3emMyNy9CcVdOYzZGWC93RVgrOXZnMHNFcXJoK3BkZVNYVDBrSDgiLCJtYWMiOiJmZWFjNGVjOGY2OWMzMjA5MjgzNGNkNjljODdhZjEzMzQxOGJhYWM0YTUzOTBmNTY3MTVmZDg0YjdiZGJjOGE3IiwidGFnIjoiIn0%3D; expires=Wed, 21-Dec-2022 06:33:49 GMT; Max-Age=86400; path=/
                                            [1] => laravel_session=eyJpdiI6IjRyZW9kMHgvaE9CcFlXUXN6M2JSbEE9PSIsInZhbHVlIjoiNWNHTUpqZjJYMEh2alFjTWprbzZqamg3SWFOaDkyRVJld2hscjZRL1cwRklVNDAxdVREOGEyY2tVVC91Ym9ubExYUHhlbVZ5QkVtOE9wSFZ2RjZUdFNKcmNGRnIzdGhyZThUaStBRHpnOGhhZTRMYWdWL3FFbTAxRlVmUXUzMHciLCJtYWMiOiJmODZhMTk0NWM3Yzk1MjdjMGVkNzEzMmI3ZWEwNDcxMThmODc3YTgzZGRmZjJhMGQ0Y2Q0ZDNiZTI0MjU0YzdhIiwidGFnIjoiIn0%3D; expires=Wed, 21-Dec-2022 06:33:49 GMT; Max-Age=86400; path=/; httponly
                                        )

                                    [x-powered-by] => PHP/7.4.19
                                )

                        )

                    [Body] => Webhook body is not logged unless WP_DEBUG mode is turned on. This is to avoid the storing of personal data in the logs.
                )

        )

)

2022-12-20T07:59:47+00:00 INFO Array
(
    [Webhook Delivery] => Array
        (
            [Delivery ID] => 7f371bd00cf08b1c914b0b72900f8133
            [Date] => Dec 20, 2022 @ 7:59
            [URL] => http://chatbot.test/webhooks/woocommerce-products/0eeb35bf8101207d0535936db012819c
            [Duration] => 0.24155
            [Request] => Array
                (
                    [Method] => POST
                    [Headers] => Array
                        (
                            [User-Agent] => WooCommerce/7.2.0 Hookshot (WordPress/5.9.2)
                            [Content-Type] => application/json
                            [X-WC-Webhook-Source] => http://localhost/woocommerce-plugin/
                            [X-WC-Webhook-Topic] => product.updated
                            [X-WC-Webhook-Resource] => product
                            [X-WC-Webhook-Event] => updated
                            [X-WC-Webhook-Signature] => KUPrMvc0HfQ/d7q8piREXDezWH9Kih+FDKrJeNyo8rg=
                            [X-WC-Webhook-ID] => 88
                            [X-WC-Webhook-Delivery-ID] => 7f371bd00cf08b1c914b0b72900f8133
                        )

                )

            [Body] => Webhook body is not logged unless WP_DEBUG mode is turned on. This is to avoid the storing of personal data in the logs.
            [Response] => Array
                (
                    [Code] => http_request_failed
                    [Message] => A valid URL was not provided.
                    [Headers] => Array
                        (
                        )

                    [Body] => Webhook body is not logged unless WP_DEBUG mode is turned on. This is to avoid the storing of personal data in the logs.
                )

        )

)

2022-12-20T08:02:23+00:00 INFO Array
(
    [Webhook Delivery] => Array
        (
            [Delivery ID] => 3fe0b2a1b2f3c654f603831ab9d45ffc
            [Date] => Dec 20, 2022 @ 8:02
            [URL] => http://chatbot.test/webhooks/woocommerce-products/0eeb35bf8101207d0535936db012819c
            [Duration] => 0.2114
            [Request] => Array
                (
                    [Method] => POST
                    [Headers] => Array
                        (
                            [User-Agent] => WooCommerce/7.2.0 Hookshot (WordPress/5.9.2)
                            [Content-Type] => application/json
                            [X-WC-Webhook-Source] => http://localhost/woocommerce-plugin/
                            [X-WC-Webhook-Topic] => product.updated
                            [X-WC-Webhook-Resource] => product
                            [X-WC-Webhook-Event] => updated
                            [X-WC-Webhook-Signature] => HOuxt7vk/McQSQ10qn5uuBPyrxI8yrsPTuvQCKy66yU=
                            [X-WC-Webhook-ID] => 93
                            [X-WC-Webhook-Delivery-ID] => 3fe0b2a1b2f3c654f603831ab9d45ffc
                        )

                )

            [Body] => Webhook body is not logged unless WP_DEBUG mode is turned on. This is to avoid the storing of personal data in the logs.
            [Response] => Array
                (
                    [Code] => http_request_failed
                    [Message] => A valid URL was not provided.
                    [Headers] => Array
                        (
                        )

                    [Body] => Webhook body is not logged unless WP_DEBUG mode is turned on. This is to avoid the storing of personal data in the logs.
                )

        )

)

2022-12-20T09:12:30+00:00 INFO Array
(
    [Webhook Delivery] => Array
        (
            [Delivery ID] => 0210d42be3a9efaa6d1b0292d93617b4
            [Date] => Dec 20, 2022 @ 9:12
            [URL] => http://f992-103-12-74-36.ngrok.io/webhooks/woocommerce-products/0eeb35bf8101207d0535936db012819c
            [Duration] => 3.7551
            [Request] => Array
                (
                    [Method] => POST
                    [Headers] => Array
                        (
                            [User-Agent] => WooCommerce/7.2.0 Hookshot (WordPress/5.9.2)
                            [Content-Type] => application/json
                            [X-WC-Webhook-Source] => http://localhost/woocommerce-plugin/
                            [X-WC-Webhook-Topic] => product.updated
                            [X-WC-Webhook-Resource] => product
                            [X-WC-Webhook-Event] => updated
                            [X-WC-Webhook-Signature] => z4C8w6WBx2cDiiu5OHhjPob2dP00MAZU4VoWPTdp7f0=
                            [X-WC-Webhook-ID] => 116
                            [X-WC-Webhook-Delivery-ID] => 0210d42be3a9efaa6d1b0292d93617b4
                        )

                )

            [Body] => Webhook body is not logged unless WP_DEBUG mode is turned on. This is to avoid the storing of personal data in the logs.
            [Response] => Array
                (
                    [Code] => 200
                    [Message] => OK
                    [Headers] => Requests_Utility_CaseInsensitiveDictionary Object
                        (
                            [data:protected] => Array
                                (
                                    [cache-control] => no-cache, private
                                    [content-type] => text/html; charset=UTF-8
                                    [date] => Array
                                        (
                                            [0] => Tue, 20 Dec 2022 09:12:30 GMT
                                            [1] => Tue, 20 Dec 2022 09:12:30 GMT
                                        )

                                    [host] => f992-103-12-74-36.ngrok.io
                                    [ngrok-trace-id] => 9904dd5312b5a8fcd5e3f34e4867eb86
                                    [set-cookie] => Array
                                        (
                                            [0] => XSRF-TOKEN=eyJpdiI6IkRUaUdXVjRTRlIwU3o3UTI4QkZMT3c9PSIsInZhbHVlIjoieU04TGM2K3h3NGtJd0RlY0w1L1JNWkh5eDdRM2JiTnpLWHlWd0d0dHZtWmhKcGJsL1daVGxPU0ZOdXhBVTVQSmlPZ1paV0E5cVVZOTBFdkVoVTdHQzlISFNjSEJkaXFyZHBGczNxNGZSdHJNVElLOXVqdTV3aGxDMVRubXpGa00iLCJtYWMiOiI3MDEwN2VmYjQzYjM3MTc0OWY4MGQ2MDAxYWM5ZjlhOGNkZGYyMmUxNjMyYmZhY2JlODRhYzg1OWQxYjg2Zjk0IiwidGFnIjoiIn0%3D; expires=Wed, 21-Dec-2022 09:12:30 GMT; Max-Age=86400; path=/
                                            [1] => laravel_session=eyJpdiI6IlJESkFnbFFFbkw4VXhHNmg2MGtrbVE9PSIsInZhbHVlIjoiVmsrU1FRL3FNUmUramNTNzIrSkVudXB1STJKSHliMVBTZlU1YnZySjV5Q2piLzl4L2NVWFpZNGxUdnFDMmROZkZZYnpSZDN2LzVZb293NUhXQkdWZ2M1aTVXOE01a1dta2tqbTNYMmVTckt3ZW01K2oxamRuVGVNY2ZqVk1jYkoiLCJtYWMiOiJiNzA0ZDkyZDIwMTUzYmEyMTU0ZjNlOTk3MzhmY2ZhMDNjMTlmZTU1MGU3NTcxYWZhNWU3NTZjYjQzM2NjMzBhIiwidGFnIjoiIn0%3D; expires=Wed, 21-Dec-2022 09:12:30 GMT; Max-Age=86400; path=/; httponly
                                        )

                                    [x-powered-by] => PHP/7.4.19
                                )

                        )

                    [Body] => Webhook body is not logged unless WP_DEBUG mode is turned on. This is to avoid the storing of personal data in the logs.
                )

        )

)

2022-12-20T09:29:40+00:00 INFO Array
(
    [Webhook Delivery] => Array
        (
            [Delivery ID] => 2a7caac333cd6357cc3c50be642f7400
            [Date] => Dec 20, 2022 @ 9:29
            [URL] => http://f992-103-12-74-36.ngrok.io/webhooks/woocommerce-products/0eeb35bf8101207d0535936db012819c
            [Duration] => 3.53748
            [Request] => Array
                (
                    [Method] => POST
                    [Headers] => Array
                        (
                            [User-Agent] => WooCommerce/7.2.0 Hookshot (WordPress/5.9.2)
                            [Content-Type] => application/json
                            [X-WC-Webhook-Source] => http://localhost/woocommerce-plugin/
                            [X-WC-Webhook-Topic] => product.updated
                            [X-WC-Webhook-Resource] => product
                            [X-WC-Webhook-Event] => updated
                            [X-WC-Webhook-Signature] => QeTbeC0y+5uFxx9UwikbsWX0VR7ohSCYxvTRVBZg1SE=
                            [X-WC-Webhook-ID] => 161
                            [X-WC-Webhook-Delivery-ID] => 2a7caac333cd6357cc3c50be642f7400
                        )

                )

            [Body] => Webhook body is not logged unless WP_DEBUG mode is turned on. This is to avoid the storing of personal data in the logs.
            [Response] => Array
                (
                    [Code] => 200
                    [Message] => OK
                    [Headers] => Requests_Utility_CaseInsensitiveDictionary Object
                        (
                            [data:protected] => Array
                                (
                                    [cache-control] => no-cache, private
                                    [content-type] => text/html; charset=UTF-8
                                    [date] => Array
                                        (
                                            [0] => Tue, 20 Dec 2022 09:29:40 GMT
                                            [1] => Tue, 20 Dec 2022 09:29:40 GMT
                                        )

                                    [host] => f992-103-12-74-36.ngrok.io
                                    [ngrok-trace-id] => 0e3dfff098f5632c4ff719663b618a15
                                    [set-cookie] => Array
                                        (
                                            [0] => XSRF-TOKEN=eyJpdiI6IjlBdmJkZm9jaTVzZTVYZU5VTGp2NkE9PSIsInZhbHVlIjoidmNiUTRObTBFWmJSanJ6N1NKOS9qbjlZK25rR1VNNkJNcm9SMk9yN2RiN2VlSjNZa0pnRXBlalVwekJLZW1tZWlMdXl4bGkxWTVSVVBtTmZ0RWVndGFrVHh5K0ZPM2c1Qml2WU1seCtVR2NlQ0RBTnpoM1l0a3pOSmhZbW9iN2ciLCJtYWMiOiJjNTU0ZmQzN2IxZWM5MWNhNWIzM2JmMmU3ODI2ODc0Nzg4N2I5YzZiNTNjYjVlZmYzMDIwNTYxYTY4NmJjMzE4IiwidGFnIjoiIn0%3D; expires=Wed, 21-Dec-2022 09:29:40 GMT; Max-Age=86400; path=/
                                            [1] => laravel_session=eyJpdiI6Ik9PM0dYdlNza3JJUElIYUd3V2wrV2c9PSIsInZhbHVlIjoiQTI4UThINzFpNlN3Y1VrS3RVSjhMUmM4QkovZFZXMDk0TDVSdkxtaW44a0dCVCtjZVNoY1M3Ris2MG5EYU9QWVZXSGxyakxaUEMzSHhRSjZXK0ZQam5xQUhhbXdKMjNySjF4RDE1dTA2SEUxOTVZU3JJV1VjZFc0MG9kRmZtMUEiLCJtYWMiOiJiYzk1M2NhNGYxMWE2Nzc1OGU3ZDYzOGY4OTY2ZTU5OGM2NmU1NmI2YjJkYjQ2N2IyODBjYzBmZjYxMDkzZWM3IiwidGFnIjoiIn0%3D; expires=Wed, 21-Dec-2022 09:29:40 GMT; Max-Age=86400; path=/; httponly
                                        )

                                    [x-powered-by] => PHP/7.4.19
                                )

                        )

                    [Body] => Webhook body is not logged unless WP_DEBUG mode is turned on. This is to avoid the storing of personal data in the logs.
                )

        )

)

2022-12-20T09:31:10+00:00 INFO Array
(
    [Webhook Delivery] => Array
        (
            [Delivery ID] => a67f3390ee545ad73f684fb6fcd9ae6b
            [Date] => Dec 20, 2022 @ 9:31
            [URL] => http://f992-103-12-74-36.ngrok.io/webhooks/woocommerce-products/0eeb35bf8101207d0535936db012819c
            [Duration] => 3.51713
            [Request] => Array
                (
                    [Method] => POST
                    [Headers] => Array
                        (
                            [User-Agent] => WooCommerce/7.2.0 Hookshot (WordPress/5.9.2)
                            [Content-Type] => application/json
                            [X-WC-Webhook-Source] => http://localhost/woocommerce-plugin/
                            [X-WC-Webhook-Topic] => product.updated
                            [X-WC-Webhook-Resource] => product
                            [X-WC-Webhook-Event] => updated
                            [X-WC-Webhook-Signature] => 0/uyY2zGkvUGfZT+1W74Z1xjo3oVUDA3ChgJeg8njWQ=
                            [X-WC-Webhook-ID] => 161
                            [X-WC-Webhook-Delivery-ID] => a67f3390ee545ad73f684fb6fcd9ae6b
                        )

                )

            [Body] => Webhook body is not logged unless WP_DEBUG mode is turned on. This is to avoid the storing of personal data in the logs.
            [Response] => Array
                (
                    [Code] => 200
                    [Message] => OK
                    [Headers] => Requests_Utility_CaseInsensitiveDictionary Object
                        (
                            [data:protected] => Array
                                (
                                    [cache-control] => no-cache, private
                                    [content-type] => text/html; charset=UTF-8
                                    [date] => Array
                                        (
                                            [0] => Tue, 20 Dec 2022 09:31:10 GMT
                                            [1] => Tue, 20 Dec 2022 09:31:10 GMT
                                        )

                                    [host] => f992-103-12-74-36.ngrok.io
                                    [ngrok-trace-id] => 8c38c9f47e582f03879feac1f4a9f1eb
                                    [set-cookie] => Array
                                        (
                                            [0] => XSRF-TOKEN=eyJpdiI6IjFoRFpFb1B4NVYxekZQN1Z3Z0Jua3c9PSIsInZhbHVlIjoicE82RWFJekd6alpJZEo2QWY5OXNHU2JKNWVLMklucTVzUUJ2Q0NDVlJ4ZE9UU3JhU1prZHBUNWI2TThwb0ZLT1pPY2xSZ1VuNXlBR3hKNkVjeWYrR0FVTXBHbXpOWWljWFk5SE44K1NRMmc3Zkp4aWxIZ0hJVUdBY3RaTDJLNXMiLCJtYWMiOiJiNzZlYzU1MGU3YjBhYzE1YmQ3YTNkYmJiZGQ1NDVhZThjYmFmZGE1NjBmY2JlMmI2OWY3YWRjMjBjYzdmNWU5IiwidGFnIjoiIn0%3D; expires=Wed, 21-Dec-2022 09:31:10 GMT; Max-Age=86400; path=/
                                            [1] => laravel_session=eyJpdiI6InVjSGEvelhuMUVzcW9LL3JwNGUxL2c9PSIsInZhbHVlIjoiSFlXSHJxR0VWNkIwTDlURDVqbUlFNHZ1bjA4OHlzaWRnRFRQYTVuN3BIdmsrVmc2RHd0Sjh4dG9XV1F1Q3Fockd0RDBZVnZBaHBNVlVoSnNkM3pEaHFGdldCeGNzdUJvSUdtYUs5ZXI1NTFRTlBZQkFaNTNLZGpFbWpHRGU2SFQiLCJtYWMiOiI0MjY1YjEyYmU2YTQ0YTAxZjZlN2U0MTQwNDY1OGI4ZmEyNGYwYTJlODRlNjUwYzA4ZTdjZjE1MzZhZjdiOWRlIiwidGFnIjoiIn0%3D; expires=Wed, 21-Dec-2022 09:31:10 GMT; Max-Age=86400; path=/; httponly
                                        )

                                    [x-powered-by] => PHP/7.4.19
                                )

                        )

                    [Body] => Webhook body is not logged unless WP_DEBUG mode is turned on. This is to avoid the storing of personal data in the logs.
                )

        )

)

