2023-01-02T11:06:01+00:00 INFO Array
(
    [Webhook Delivery] => Array
        (
            [Delivery ID] => 5f5d2479216ecf759402e7e7fa5aa8a9
            [Date] => Jan 2, 2023 @ 11:06
            [URL] => http://f992-103-12-74-36.ngrok.io/webhooks/woocommerce-products/0eeb35bf8101207d0535936db012819c
            [Duration] => 0.61757
            [Request] => Array
                (
                    [Method] => POST
                    [Headers] => Array
                        (
                            [User-Agent] => WooCommerce/7.2.0 Hookshot (WordPress/5.9.2)
                            [Content-Type] => application/json
                            [X-WC-Webhook-Source] => http://localhost/woocommerce-plugin/
                            [X-WC-Webhook-Topic] => product.deleted
                            [X-WC-Webhook-Resource] => product
                            [X-WC-Webhook-Event] => deleted
                            [X-WC-Webhook-Signature] => +TYbRGNQwatz4mxzwfHIehyTQsCRnMznk6FaczT/yxM=
                            [X-WC-Webhook-ID] => 162
                            [X-WC-Webhook-Delivery-ID] => 5f5d2479216ecf759402e7e7fa5aa8a9
                        )

                )

            [Body] => Webhook body is not logged unless WP_DEBUG mode is turned on. This is to avoid the storing of personal data in the logs.
            [Response] => Array
                (
                    [Code] => 307
                    [Message] => Temporary Redirect
                    [Headers] => Requests_Utility_CaseInsensitiveDictionary Object
                        (
                            [data:protected] => Array
                                (
                                    [location] => https://f992-103-12-74-36.ngrok.io/webhooks/woocommerce-products/0eeb35bf8101207d0535936db012819c
                                    [ngrok-trace-id] => f1768a9b6fccf3f7d472c8ce372ab3b4
                                    [date] => Mon, 02 Jan 2023 11:08:04 GMT
                                    [content-length] => 0
                                )

                        )

                    [Body] => Webhook body is not logged unless WP_DEBUG mode is turned on. This is to avoid the storing of personal data in the logs.
                )

        )

)

2023-01-02T11:06:03+00:00 INFO Array
(
    [Webhook Delivery] => Array
        (
            [Delivery ID] => 350501d1a4fda1e9674c03fc9a0d9000
            [Date] => Jan 2, 2023 @ 11:06
            [URL] => http://f992-103-12-74-36.ngrok.io/webhooks/woocommerce-products/0eeb35bf8101207d0535936db012819c
            [Duration] => 0.47959
            [Request] => Array
                (
                    [Method] => POST
                    [Headers] => Array
                        (
                            [User-Agent] => WooCommerce/7.2.0 Hookshot (WordPress/5.9.2)
                            [Content-Type] => application/json
                            [X-WC-Webhook-Source] => http://localhost/woocommerce-plugin/
                            [X-WC-Webhook-Topic] => product.deleted
                            [X-WC-Webhook-Resource] => product
                            [X-WC-Webhook-Event] => deleted
                            [X-WC-Webhook-Signature] => hOwb8j2dNNcfMPoZ+SG54m2x/qxOILeLtkf7aqT4AO8=
                            [X-WC-Webhook-ID] => 162
                            [X-WC-Webhook-Delivery-ID] => 350501d1a4fda1e9674c03fc9a0d9000
                        )

                )

            [Body] => Webhook body is not logged unless WP_DEBUG mode is turned on. This is to avoid the storing of personal data in the logs.
            [Response] => Array
                (
                    [Code] => 307
                    [Message] => Temporary Redirect
                    [Headers] => Requests_Utility_CaseInsensitiveDictionary Object
                        (
                            [data:protected] => Array
                                (
                                    [location] => https://f992-103-12-74-36.ngrok.io/webhooks/woocommerce-products/0eeb35bf8101207d0535936db012819c
                                    [ngrok-trace-id] => 1df936dd72a8c911e6efecd1ebb50c78
                                    [date] => Mon, 02 Jan 2023 11:08:07 GMT
                                    [content-length] => 0
                                )

                        )

                    [Body] => Webhook body is not logged unless WP_DEBUG mode is turned on. This is to avoid the storing of personal data in the logs.
                )

        )

)

2023-01-02T11:06:05+00:00 INFO Array
(
    [Webhook Delivery] => Array
        (
            [Delivery ID] => 5e85e9fb3345e209990dabdbbb6d4d68
            [Date] => Jan 2, 2023 @ 11:06
            [URL] => http://f992-103-12-74-36.ngrok.io/webhooks/woocommerce-products/0eeb35bf8101207d0535936db012819c
            [Duration] => 0.48703
            [Request] => Array
                (
                    [Method] => POST
                    [Headers] => Array
                        (
                            [User-Agent] => WooCommerce/7.2.0 Hookshot (WordPress/5.9.2)
                            [Content-Type] => application/json
                            [X-WC-Webhook-Source] => http://localhost/woocommerce-plugin/
                            [X-WC-Webhook-Topic] => product.deleted
                            [X-WC-Webhook-Resource] => product
                            [X-WC-Webhook-Event] => deleted
                            [X-WC-Webhook-Signature] => xx5aey7X7zHoSs5YT26Xu2FsW6A0nVRp04t1TkRav8U=
                            [X-WC-Webhook-ID] => 162
                            [X-WC-Webhook-Delivery-ID] => 5e85e9fb3345e209990dabdbbb6d4d68
                        )

                )

            [Body] => Webhook body is not logged unless WP_DEBUG mode is turned on. This is to avoid the storing of personal data in the logs.
            [Response] => Array
                (
                    [Code] => 307
                    [Message] => Temporary Redirect
                    [Headers] => Requests_Utility_CaseInsensitiveDictionary Object
                        (
                            [data:protected] => Array
                                (
                                    [location] => https://f992-103-12-74-36.ngrok.io/webhooks/woocommerce-products/0eeb35bf8101207d0535936db012819c
                                    [ngrok-trace-id] => 8d7e4d26498f18a48eebba839c6482ff
                                    [date] => Mon, 02 Jan 2023 11:08:08 GMT
                                    [content-length] => 0
                                )

                        )

                    [Body] => Webhook body is not logged unless WP_DEBUG mode is turned on. This is to avoid the storing of personal data in the logs.
                )

        )

)

2023-01-02T11:06:07+00:00 INFO Array
(
    [Webhook Delivery] => Array
        (
            [Delivery ID] => ee7ea5e819ea4691ed81c078691fc13c
            [Date] => Jan 2, 2023 @ 11:06
            [URL] => http://f992-103-12-74-36.ngrok.io/webhooks/woocommerce-products/0eeb35bf8101207d0535936db012819c
            [Duration] => 0.47356
            [Request] => Array
                (
                    [Method] => POST
                    [Headers] => Array
                        (
                            [User-Agent] => WooCommerce/7.2.0 Hookshot (WordPress/5.9.2)
                            [Content-Type] => application/json
                            [X-WC-Webhook-Source] => http://localhost/woocommerce-plugin/
                            [X-WC-Webhook-Topic] => product.deleted
                            [X-WC-Webhook-Resource] => product
                            [X-WC-Webhook-Event] => deleted
                            [X-WC-Webhook-Signature] => xcYoIsOCayVP4K8kiT3Yx+22zE2cP4HW2wQHX0zzoV8=
                            [X-WC-Webhook-ID] => 162
                            [X-WC-Webhook-Delivery-ID] => ee7ea5e819ea4691ed81c078691fc13c
                        )

                )

            [Body] => Webhook body is not logged unless WP_DEBUG mode is turned on. This is to avoid the storing of personal data in the logs.
            [Response] => Array
                (
                    [Code] => 307
                    [Message] => Temporary Redirect
                    [Headers] => Requests_Utility_CaseInsensitiveDictionary Object
                        (
                            [data:protected] => Array
                                (
                                    [location] => https://f992-103-12-74-36.ngrok.io/webhooks/woocommerce-products/0eeb35bf8101207d0535936db012819c
                                    [ngrok-trace-id] => cac1761a1975b21b5d4d42f07ca92d9d
                                    [date] => Mon, 02 Jan 2023 11:08:10 GMT
                                    [content-length] => 0
                                )

                        )

                    [Body] => Webhook body is not logged unless WP_DEBUG mode is turned on. This is to avoid the storing of personal data in the logs.
                )

        )

)

2023-01-02T11:06:09+00:00 INFO Array
(
    [Webhook Delivery] => Array
        (
            [Delivery ID] => a972e99e0e7f0a39e8ee2a7e776dedea
            [Date] => Jan 2, 2023 @ 11:06
            [URL] => http://f992-103-12-74-36.ngrok.io/webhooks/woocommerce-products/0eeb35bf8101207d0535936db012819c
            [Duration] => 0.4994
            [Request] => Array
                (
                    [Method] => POST
                    [Headers] => Array
                        (
                            [User-Agent] => WooCommerce/7.2.0 Hookshot (WordPress/5.9.2)
                            [Content-Type] => application/json
                            [X-WC-Webhook-Source] => http://localhost/woocommerce-plugin/
                            [X-WC-Webhook-Topic] => product.deleted
                            [X-WC-Webhook-Resource] => product
                            [X-WC-Webhook-Event] => deleted
                            [X-WC-Webhook-Signature] => wQPKp2089SaV1SojTWVKm23p+ex9gTbgJGCTWXxAsQY=
                            [X-WC-Webhook-ID] => 162
                            [X-WC-Webhook-Delivery-ID] => a972e99e0e7f0a39e8ee2a7e776dedea
                        )

                )

            [Body] => Webhook body is not logged unless WP_DEBUG mode is turned on. This is to avoid the storing of personal data in the logs.
            [Response] => Array
                (
                    [Code] => 307
                    [Message] => Temporary Redirect
                    [Headers] => Requests_Utility_CaseInsensitiveDictionary Object
                        (
                            [data:protected] => Array
                                (
                                    [location] => https://f992-103-12-74-36.ngrok.io/webhooks/woocommerce-products/0eeb35bf8101207d0535936db012819c
                                    [ngrok-trace-id] => 2fb0ebceef2670bdf8121fde861b46b9
                                    [date] => Mon, 02 Jan 2023 11:08:12 GMT
                                    [content-length] => 0
                                )

                        )

                    [Body] => Webhook body is not logged unless WP_DEBUG mode is turned on. This is to avoid the storing of personal data in the logs.
                )

        )

)

2023-01-02T11:06:10+00:00 INFO Array
(
    [Webhook Delivery] => Array
        (
            [Delivery ID] => aaf46921916b880ae057017894b9a22a
            [Date] => Jan 2, 2023 @ 11:06
            [URL] => http://f992-103-12-74-36.ngrok.io/webhooks/woocommerce-products/0eeb35bf8101207d0535936db012819c
            [Duration] => 0.47625
            [Request] => Array
                (
                    [Method] => POST
                    [Headers] => Array
                        (
                            [User-Agent] => WooCommerce/7.2.0 Hookshot (WordPress/5.9.2)
                            [Content-Type] => application/json
                            [X-WC-Webhook-Source] => http://localhost/woocommerce-plugin/
                            [X-WC-Webhook-Topic] => product.deleted
                            [X-WC-Webhook-Resource] => product
                            [X-WC-Webhook-Event] => deleted
                            [X-WC-Webhook-Signature] => I0/VXJsSUfQ1nkXP1bYfQcuchmv+BDWb/9P+BDFZkS4=
                            [X-WC-Webhook-ID] => 162
                            [X-WC-Webhook-Delivery-ID] => aaf46921916b880ae057017894b9a22a
                        )

                )

            [Body] => Webhook body is not logged unless WP_DEBUG mode is turned on. This is to avoid the storing of personal data in the logs.
            [Response] => Array
                (
                    [Code] => 307
                    [Message] => Temporary Redirect
                    [Headers] => Requests_Utility_CaseInsensitiveDictionary Object
                        (
                            [data:protected] => Array
                                (
                                    [location] => https://f992-103-12-74-36.ngrok.io/webhooks/woocommerce-products/0eeb35bf8101207d0535936db012819c
                                    [ngrok-trace-id] => a6debadb7dc4554fec48681b6d0772f4
                                    [date] => Mon, 02 Jan 2023 11:08:14 GMT
                                    [content-length] => 0
                                )

                        )

                    [Body] => Webhook body is not logged unless WP_DEBUG mode is turned on. This is to avoid the storing of personal data in the logs.
                )

        )

)

2023-01-02T11:06:13+00:00 INFO Array
(
    [Webhook Delivery] => Array
        (
            [Delivery ID] => e660d1f5e06c925a0efab288046ec4c8
            [Date] => Jan 2, 2023 @ 11:06
            [URL] => http://f992-103-12-74-36.ngrok.io/webhooks/woocommerce-products/0eeb35bf8101207d0535936db012819c
            [Duration] => 0.49227
            [Request] => Array
                (
                    [Method] => POST
                    [Headers] => Array
                        (
                            [User-Agent] => WooCommerce/7.2.0 Hookshot (WordPress/5.9.2)
                            [Content-Type] => application/json
                            [X-WC-Webhook-Source] => http://localhost/woocommerce-plugin/
                            [X-WC-Webhook-Topic] => product.deleted
                            [X-WC-Webhook-Resource] => product
                            [X-WC-Webhook-Event] => deleted
                            [X-WC-Webhook-Signature] => LdTjeaMDG7VRuKEEUMsrdDVpm271HeWS8GqsCji4VmQ=
                            [X-WC-Webhook-ID] => 162
                            [X-WC-Webhook-Delivery-ID] => e660d1f5e06c925a0efab288046ec4c8
                        )

                )

            [Body] => Webhook body is not logged unless WP_DEBUG mode is turned on. This is to avoid the storing of personal data in the logs.
            [Response] => Array
                (
                    [Code] => 307
                    [Message] => Temporary Redirect
                    [Headers] => Requests_Utility_CaseInsensitiveDictionary Object
                        (
                            [data:protected] => Array
                                (
                                    [location] => https://f992-103-12-74-36.ngrok.io/webhooks/woocommerce-products/0eeb35bf8101207d0535936db012819c
                                    [ngrok-trace-id] => 1dab45fc3b3fb6c3bb987c012da94e46
                                    [date] => Mon, 02 Jan 2023 11:08:16 GMT
                                    [content-length] => 0
                                )

                        )

                    [Body] => Webhook body is not logged unless WP_DEBUG mode is turned on. This is to avoid the storing of personal data in the logs.
                )

        )

)

2023-01-02T11:06:13+00:00 INFO Array
(
    [Webhook Delivery] => Array
        (
            [Delivery ID] => 01a895de20b44ec894e8b9095e68a798
            [Date] => Jan 2, 2023 @ 11:06
            [URL] => http://f992-103-12-74-36.ngrok.io/webhooks/woocommerce-products/0eeb35bf8101207d0535936db012819c
            [Duration] => 0.48908
            [Request] => Array
                (
                    [Method] => POST
                    [Headers] => Array
                        (
                            [User-Agent] => WooCommerce/7.2.0 Hookshot (WordPress/5.9.2)
                            [Content-Type] => application/json
                            [X-WC-Webhook-Source] => http://localhost/woocommerce-plugin/
                            [X-WC-Webhook-Topic] => product.deleted
                            [X-WC-Webhook-Resource] => product
                            [X-WC-Webhook-Event] => deleted
                            [X-WC-Webhook-Signature] => p/TQGhtcOUtWk6kDsls0ND/d7SyFlOKwHuBeSwtLNXs=
                            [X-WC-Webhook-ID] => 162
                            [X-WC-Webhook-Delivery-ID] => 01a895de20b44ec894e8b9095e68a798
                        )

                )

            [Body] => Webhook body is not logged unless WP_DEBUG mode is turned on. This is to avoid the storing of personal data in the logs.
            [Response] => Array
                (
                    [Code] => 307
                    [Message] => Temporary Redirect
                    [Headers] => Requests_Utility_CaseInsensitiveDictionary Object
                        (
                            [data:protected] => Array
                                (
                                    [location] => https://f992-103-12-74-36.ngrok.io/webhooks/woocommerce-products/0eeb35bf8101207d0535936db012819c
                                    [ngrok-trace-id] => 6cac0481e8e4f07e96f4b192ba7474d8
                                    [date] => Mon, 02 Jan 2023 11:08:16 GMT
                                    [content-length] => 0
                                )

                        )

                    [Body] => Webhook body is not logged unless WP_DEBUG mode is turned on. This is to avoid the storing of personal data in the logs.
                )

        )

)

2023-01-02T11:06:14+00:00 INFO Array
(
    [Webhook Delivery] => Array
        (
            [Delivery ID] => 01a895de20b44ec894e8b9095e68a798
            [Date] => Jan 2, 2023 @ 11:06
            [URL] => http://f992-103-12-74-36.ngrok.io/webhooks/woocommerce-products/0eeb35bf8101207d0535936db012819c
            [Duration] => 0.49733
            [Request] => Array
                (
                    [Method] => POST
                    [Headers] => Array
                        (
                            [User-Agent] => WooCommerce/7.2.0 Hookshot (WordPress/5.9.2)
                            [Content-Type] => application/json
                            [X-WC-Webhook-Source] => http://localhost/woocommerce-plugin/
                            [X-WC-Webhook-Topic] => product.deleted
                            [X-WC-Webhook-Resource] => product
                            [X-WC-Webhook-Event] => deleted
                            [X-WC-Webhook-Signature] => pZmti2JVXgt3sP0qQlZPvhpkr9ImWpUeqrolbn7+Cm4=
                            [X-WC-Webhook-ID] => 162
                            [X-WC-Webhook-Delivery-ID] => 01a895de20b44ec894e8b9095e68a798
                        )

                )

            [Body] => Webhook body is not logged unless WP_DEBUG mode is turned on. This is to avoid the storing of personal data in the logs.
            [Response] => Array
                (
                    [Code] => 307
                    [Message] => Temporary Redirect
                    [Headers] => Requests_Utility_CaseInsensitiveDictionary Object
                        (
                            [data:protected] => Array
                                (
                                    [location] => https://f992-103-12-74-36.ngrok.io/webhooks/woocommerce-products/0eeb35bf8101207d0535936db012819c
                                    [ngrok-trace-id] => 3c00d63713e189f8705935df5ceb8161
                                    [date] => Mon, 02 Jan 2023 11:08:17 GMT
                                    [content-length] => 0
                                )

                        )

                    [Body] => Webhook body is not logged unless WP_DEBUG mode is turned on. This is to avoid the storing of personal data in the logs.
                )

        )

)

2023-01-02T11:06:14+00:00 INFO Array
(
    [Webhook Delivery] => Array
        (
            [Delivery ID] => 29eb67659f031ce893c550511dbddf74
            [Date] => Jan 2, 2023 @ 11:06
            [URL] => http://f992-103-12-74-36.ngrok.io/webhooks/woocommerce-products/0eeb35bf8101207d0535936db012819c
            [Duration] => 0.51291
            [Request] => Array
                (
                    [Method] => POST
                    [Headers] => Array
                        (
                            [User-Agent] => WooCommerce/7.2.0 Hookshot (WordPress/5.9.2)
                            [Content-Type] => application/json
                            [X-WC-Webhook-Source] => http://localhost/woocommerce-plugin/
                            [X-WC-Webhook-Topic] => product.deleted
                            [X-WC-Webhook-Resource] => product
                            [X-WC-Webhook-Event] => deleted
                            [X-WC-Webhook-Signature] => 0HlK0Lk8wGM278bJkaofwtPlPQUVNu4aJeRlpw16RXk=
                            [X-WC-Webhook-ID] => 162
                            [X-WC-Webhook-Delivery-ID] => 29eb67659f031ce893c550511dbddf74
                        )

                )

            [Body] => Webhook body is not logged unless WP_DEBUG mode is turned on. This is to avoid the storing of personal data in the logs.
            [Response] => Array
                (
                    [Code] => 307
                    [Message] => Temporary Redirect
                    [Headers] => Requests_Utility_CaseInsensitiveDictionary Object
                        (
                            [data:protected] => Array
                                (
                                    [location] => https://f992-103-12-74-36.ngrok.io/webhooks/woocommerce-products/0eeb35bf8101207d0535936db012819c
                                    [ngrok-trace-id] => bd80e306b6e15f216a9c20980848591d
                                    [date] => Mon, 02 Jan 2023 11:08:18 GMT
                                    [content-length] => 0
                                )

                        )

                    [Body] => Webhook body is not logged unless WP_DEBUG mode is turned on. This is to avoid the storing of personal data in the logs.
                )

        )

)

2023-01-02T11:06:15+00:00 INFO Array
(
    [Webhook Delivery] => Array
        (
            [Delivery ID] => 29eb67659f031ce893c550511dbddf74
            [Date] => Jan 2, 2023 @ 11:06
            [URL] => http://f992-103-12-74-36.ngrok.io/webhooks/woocommerce-products/0eeb35bf8101207d0535936db012819c
            [Duration] => 0.50198
            [Request] => Array
                (
                    [Method] => POST
                    [Headers] => Array
                        (
                            [User-Agent] => WooCommerce/7.2.0 Hookshot (WordPress/5.9.2)
                            [Content-Type] => application/json
                            [X-WC-Webhook-Source] => http://localhost/woocommerce-plugin/
                            [X-WC-Webhook-Topic] => product.deleted
                            [X-WC-Webhook-Resource] => product
                            [X-WC-Webhook-Event] => deleted
                            [X-WC-Webhook-Signature] => BGlhP9mLirEVjk4dB5HR03Ca0lAUZDlygoCPFVMCyMU=
                            [X-WC-Webhook-ID] => 162
                            [X-WC-Webhook-Delivery-ID] => 29eb67659f031ce893c550511dbddf74
                        )

                )

            [Body] => Webhook body is not logged unless WP_DEBUG mode is turned on. This is to avoid the storing of personal data in the logs.
            [Response] => Array
                (
                    [Code] => 307
                    [Message] => Temporary Redirect
                    [Headers] => Requests_Utility_CaseInsensitiveDictionary Object
                        (
                            [data:protected] => Array
                                (
                                    [location] => https://f992-103-12-74-36.ngrok.io/webhooks/woocommerce-products/0eeb35bf8101207d0535936db012819c
                                    [ngrok-trace-id] => a571701d8f5f9fceb5eb3f3e9acf362b
                                    [date] => Mon, 02 Jan 2023 11:08:18 GMT
                                    [content-length] => 0
                                )

                        )

                    [Body] => Webhook body is not logged unless WP_DEBUG mode is turned on. This is to avoid the storing of personal data in the logs.
                )

        )

)

2023-01-02T11:06:15+00:00 INFO Array
(
    [Webhook Delivery] => Array
        (
            [Delivery ID] => f9940a2b192ce05c1a634f9f01e62c4c
            [Date] => Jan 2, 2023 @ 11:06
            [URL] => http://f992-103-12-74-36.ngrok.io/webhooks/woocommerce-products/0eeb35bf8101207d0535936db012819c
            [Duration] => 0.49259
            [Request] => Array
                (
                    [Method] => POST
                    [Headers] => Array
                        (
                            [User-Agent] => WooCommerce/7.2.0 Hookshot (WordPress/5.9.2)
                            [Content-Type] => application/json
                            [X-WC-Webhook-Source] => http://localhost/woocommerce-plugin/
                            [X-WC-Webhook-Topic] => product.deleted
                            [X-WC-Webhook-Resource] => product
                            [X-WC-Webhook-Event] => deleted
                            [X-WC-Webhook-Signature] => 9Nd8ME1icpCd8eXClPla8/YSdCKoaEbqVF63QjG8nmc=
                            [X-WC-Webhook-ID] => 162
                            [X-WC-Webhook-Delivery-ID] => f9940a2b192ce05c1a634f9f01e62c4c
                        )

                )

            [Body] => Webhook body is not logged unless WP_DEBUG mode is turned on. This is to avoid the storing of personal data in the logs.
            [Response] => Array
                (
                    [Code] => 307
                    [Message] => Temporary Redirect
                    [Headers] => Requests_Utility_CaseInsensitiveDictionary Object
                        (
                            [data:protected] => Array
                                (
                                    [location] => https://f992-103-12-74-36.ngrok.io/webhooks/woocommerce-products/0eeb35bf8101207d0535936db012819c
                                    [ngrok-trace-id] => 2029fa2f09a3842b3f76c946eb593529
                                    [date] => Mon, 02 Jan 2023 11:08:19 GMT
                                    [content-length] => 0
                                )

                        )

                    [Body] => Webhook body is not logged unless WP_DEBUG mode is turned on. This is to avoid the storing of personal data in the logs.
                )

        )

)

2023-01-02T11:06:16+00:00 INFO Array
(
    [Webhook Delivery] => Array
        (
            [Delivery ID] => f9940a2b192ce05c1a634f9f01e62c4c
            [Date] => Jan 2, 2023 @ 11:06
            [URL] => http://f992-103-12-74-36.ngrok.io/webhooks/woocommerce-products/0eeb35bf8101207d0535936db012819c
            [Duration] => 0.48238
            [Request] => Array
                (
                    [Method] => POST
                    [Headers] => Array
                        (
                            [User-Agent] => WooCommerce/7.2.0 Hookshot (WordPress/5.9.2)
                            [Content-Type] => application/json
                            [X-WC-Webhook-Source] => http://localhost/woocommerce-plugin/
                            [X-WC-Webhook-Topic] => product.deleted
                            [X-WC-Webhook-Resource] => product
                            [X-WC-Webhook-Event] => deleted
                            [X-WC-Webhook-Signature] => Y1L3jfpSuCsTJHMXOTq3rYeLiNYME3ZmyuHzDXYW6MU=
                            [X-WC-Webhook-ID] => 162
                            [X-WC-Webhook-Delivery-ID] => f9940a2b192ce05c1a634f9f01e62c4c
                        )

                )

            [Body] => Webhook body is not logged unless WP_DEBUG mode is turned on. This is to avoid the storing of personal data in the logs.
            [Response] => Array
                (
                    [Code] => 307
                    [Message] => Temporary Redirect
                    [Headers] => Requests_Utility_CaseInsensitiveDictionary Object
                        (
                            [data:protected] => Array
                                (
                                    [location] => https://f992-103-12-74-36.ngrok.io/webhooks/woocommerce-products/0eeb35bf8101207d0535936db012819c
                                    [ngrok-trace-id] => 4cd0374f304bf71f1b10cad345687690
                                    [date] => Mon, 02 Jan 2023 11:08:19 GMT
                                    [content-length] => 0
                                )

                        )

                    [Body] => Webhook body is not logged unless WP_DEBUG mode is turned on. This is to avoid the storing of personal data in the logs.
                )

        )

)

2023-01-02T11:06:16+00:00 INFO Array
(
    [Webhook Delivery] => Array
        (
            [Delivery ID] => 372d9b9742f6b52209c739d56b2022e4
            [Date] => Jan 2, 2023 @ 11:06
            [URL] => http://f992-103-12-74-36.ngrok.io/webhooks/woocommerce-products/0eeb35bf8101207d0535936db012819c
            [Duration] => 0.50085
            [Request] => Array
                (
                    [Method] => POST
                    [Headers] => Array
                        (
                            [User-Agent] => WooCommerce/7.2.0 Hookshot (WordPress/5.9.2)
                            [Content-Type] => application/json
                            [X-WC-Webhook-Source] => http://localhost/woocommerce-plugin/
                            [X-WC-Webhook-Topic] => product.deleted
                            [X-WC-Webhook-Resource] => product
                            [X-WC-Webhook-Event] => deleted
                            [X-WC-Webhook-Signature] => HY30NRElDiOPZ3Z4NDwkBduEJNy7h8irQ741kHlSxYU=
                            [X-WC-Webhook-ID] => 162
                            [X-WC-Webhook-Delivery-ID] => 372d9b9742f6b52209c739d56b2022e4
                        )

                )

            [Body] => Webhook body is not logged unless WP_DEBUG mode is turned on. This is to avoid the storing of personal data in the logs.
            [Response] => Array
                (
                    [Code] => 307
                    [Message] => Temporary Redirect
                    [Headers] => Requests_Utility_CaseInsensitiveDictionary Object
                        (
                            [data:protected] => Array
                                (
                                    [location] => https://f992-103-12-74-36.ngrok.io/webhooks/woocommerce-products/0eeb35bf8101207d0535936db012819c
                                    [ngrok-trace-id] => 299aad05d57fd28f0eb8c8a3211df81a
                                    [date] => Mon, 02 Jan 2023 11:08:20 GMT
                                    [content-length] => 0
                                )

                        )

                    [Body] => Webhook body is not logged unless WP_DEBUG mode is turned on. This is to avoid the storing of personal data in the logs.
                )

        )

)

2023-01-02T11:06:17+00:00 INFO Array
(
    [Webhook Delivery] => Array
        (
            [Delivery ID] => 372d9b9742f6b52209c739d56b2022e4
            [Date] => Jan 2, 2023 @ 11:06
            [URL] => http://f992-103-12-74-36.ngrok.io/webhooks/woocommerce-products/0eeb35bf8101207d0535936db012819c
            [Duration] => 0.50536
            [Request] => Array
                (
                    [Method] => POST
                    [Headers] => Array
                        (
                            [User-Agent] => WooCommerce/7.2.0 Hookshot (WordPress/5.9.2)
                            [Content-Type] => application/json
                            [X-WC-Webhook-Source] => http://localhost/woocommerce-plugin/
                            [X-WC-Webhook-Topic] => product.deleted
                            [X-WC-Webhook-Resource] => product
                            [X-WC-Webhook-Event] => deleted
                            [X-WC-Webhook-Signature] => K9/OaJZ7Itkzfnz9HU0gReMxiCLQkCka0nBxvYeMUZY=
                            [X-WC-Webhook-ID] => 162
                            [X-WC-Webhook-Delivery-ID] => 372d9b9742f6b52209c739d56b2022e4
                        )

                )

            [Body] => Webhook body is not logged unless WP_DEBUG mode is turned on. This is to avoid the storing of personal data in the logs.
            [Response] => Array
                (
                    [Code] => 307
                    [Message] => Temporary Redirect
                    [Headers] => Requests_Utility_CaseInsensitiveDictionary Object
                        (
                            [data:protected] => Array
                                (
                                    [location] => https://f992-103-12-74-36.ngrok.io/webhooks/woocommerce-products/0eeb35bf8101207d0535936db012819c
                                    [ngrok-trace-id] => 3bfb0f1eb60abe174b036a8b6e3f2d1b
                                    [date] => Mon, 02 Jan 2023 11:08:20 GMT
                                    [content-length] => 0
                                )

                        )

                    [Body] => Webhook body is not logged unless WP_DEBUG mode is turned on. This is to avoid the storing of personal data in the logs.
                )

        )

)

2023-01-02T11:06:17+00:00 INFO Array
(
    [Webhook Delivery] => Array
        (
            [Delivery ID] => 3691de37c0c968b2751512e7aab3765c
            [Date] => Jan 2, 2023 @ 11:06
            [URL] => http://f992-103-12-74-36.ngrok.io/webhooks/woocommerce-products/0eeb35bf8101207d0535936db012819c
            [Duration] => 0.4712
            [Request] => Array
                (
                    [Method] => POST
                    [Headers] => Array
                        (
                            [User-Agent] => WooCommerce/7.2.0 Hookshot (WordPress/5.9.2)
                            [Content-Type] => application/json
                            [X-WC-Webhook-Source] => http://localhost/woocommerce-plugin/
                            [X-WC-Webhook-Topic] => product.deleted
                            [X-WC-Webhook-Resource] => product
                            [X-WC-Webhook-Event] => deleted
                            [X-WC-Webhook-Signature] => MC+RihpNkz3v3p/190G2zu49eH+tSr+3s9Z7O27aTf4=
                            [X-WC-Webhook-ID] => 162
                            [X-WC-Webhook-Delivery-ID] => 3691de37c0c968b2751512e7aab3765c
                        )

                )

            [Body] => Webhook body is not logged unless WP_DEBUG mode is turned on. This is to avoid the storing of personal data in the logs.
            [Response] => Array
                (
                    [Code] => 307
                    [Message] => Temporary Redirect
                    [Headers] => Requests_Utility_CaseInsensitiveDictionary Object
                        (
                            [data:protected] => Array
                                (
                                    [location] => https://f992-103-12-74-36.ngrok.io/webhooks/woocommerce-products/0eeb35bf8101207d0535936db012819c
                                    [ngrok-trace-id] => 325c26a91e7bd28a6ddc5392bc3026be
                                    [date] => Mon, 02 Jan 2023 11:08:21 GMT
                                    [content-length] => 0
                                )

                        )

                    [Body] => Webhook body is not logged unless WP_DEBUG mode is turned on. This is to avoid the storing of personal data in the logs.
                )

        )

)

2023-01-02T11:06:18+00:00 INFO Array
(
    [Webhook Delivery] => Array
        (
            [Delivery ID] => 3691de37c0c968b2751512e7aab3765c
            [Date] => Jan 2, 2023 @ 11:06
            [URL] => http://f992-103-12-74-36.ngrok.io/webhooks/woocommerce-products/0eeb35bf8101207d0535936db012819c
            [Duration] => 0.49663
            [Request] => Array
                (
                    [Method] => POST
                    [Headers] => Array
                        (
                            [User-Agent] => WooCommerce/7.2.0 Hookshot (WordPress/5.9.2)
                            [Content-Type] => application/json
                            [X-WC-Webhook-Source] => http://localhost/woocommerce-plugin/
                            [X-WC-Webhook-Topic] => product.deleted
                            [X-WC-Webhook-Resource] => product
                            [X-WC-Webhook-Event] => deleted
                            [X-WC-Webhook-Signature] => Cu1w9cKZEYCcZABIMfoizKEDXr4DujvXHdUozrrPlL0=
                            [X-WC-Webhook-ID] => 162
                            [X-WC-Webhook-Delivery-ID] => 3691de37c0c968b2751512e7aab3765c
                        )

                )

            [Body] => Webhook body is not logged unless WP_DEBUG mode is turned on. This is to avoid the storing of personal data in the logs.
            [Response] => Array
                (
                    [Code] => 307
                    [Message] => Temporary Redirect
                    [Headers] => Requests_Utility_CaseInsensitiveDictionary Object
                        (
                            [data:protected] => Array
                                (
                                    [location] => https://f992-103-12-74-36.ngrok.io/webhooks/woocommerce-products/0eeb35bf8101207d0535936db012819c
                                    [ngrok-trace-id] => 5556dd1fbcc3cd259ac399216cf1385a
                                    [date] => Mon, 02 Jan 2023 11:08:21 GMT
                                    [content-length] => 0
                                )

                        )

                    [Body] => Webhook body is not logged unless WP_DEBUG mode is turned on. This is to avoid the storing of personal data in the logs.
                )

        )

)

2023-01-02T11:06:18+00:00 INFO Array
(
    [Webhook Delivery] => Array
        (
            [Delivery ID] => 6790712ad1589f2be3571acff99a7b27
            [Date] => Jan 2, 2023 @ 11:06
            [URL] => http://f992-103-12-74-36.ngrok.io/webhooks/woocommerce-products/0eeb35bf8101207d0535936db012819c
            [Duration] => 0.50422
            [Request] => Array
                (
                    [Method] => POST
                    [Headers] => Array
                        (
                            [User-Agent] => WooCommerce/7.2.0 Hookshot (WordPress/5.9.2)
                            [Content-Type] => application/json
                            [X-WC-Webhook-Source] => http://localhost/woocommerce-plugin/
                            [X-WC-Webhook-Topic] => product.deleted
                            [X-WC-Webhook-Resource] => product
                            [X-WC-Webhook-Event] => deleted
                            [X-WC-Webhook-Signature] => /Nkb3dMQbHUozqQIU/eECuuHZO+qG+KNSSANZM+kjf4=
                            [X-WC-Webhook-ID] => 162
                            [X-WC-Webhook-Delivery-ID] => 6790712ad1589f2be3571acff99a7b27
                        )

                )

            [Body] => Webhook body is not logged unless WP_DEBUG mode is turned on. This is to avoid the storing of personal data in the logs.
            [Response] => Array
                (
                    [Code] => 307
                    [Message] => Temporary Redirect
                    [Headers] => Requests_Utility_CaseInsensitiveDictionary Object
                        (
                            [data:protected] => Array
                                (
                                    [location] => https://f992-103-12-74-36.ngrok.io/webhooks/woocommerce-products/0eeb35bf8101207d0535936db012819c
                                    [ngrok-trace-id] => e628db967179c635c90cce29326d44c6
                                    [date] => Mon, 02 Jan 2023 11:08:22 GMT
                                    [content-length] => 0
                                )

                        )

                    [Body] => Webhook body is not logged unless WP_DEBUG mode is turned on. This is to avoid the storing of personal data in the logs.
                )

        )

)

2023-01-02T11:06:19+00:00 INFO Array
(
    [Webhook Delivery] => Array
        (
            [Delivery ID] => 1d645b73c0ad11a2b2120fb06c11a954
            [Date] => Jan 2, 2023 @ 11:06
            [URL] => http://f992-103-12-74-36.ngrok.io/webhooks/woocommerce-products/0eeb35bf8101207d0535936db012819c
            [Duration] => 0.48321
            [Request] => Array
                (
                    [Method] => POST
                    [Headers] => Array
                        (
                            [User-Agent] => WooCommerce/7.2.0 Hookshot (WordPress/5.9.2)
                            [Content-Type] => application/json
                            [X-WC-Webhook-Source] => http://localhost/woocommerce-plugin/
                            [X-WC-Webhook-Topic] => product.deleted
                            [X-WC-Webhook-Resource] => product
                            [X-WC-Webhook-Event] => deleted
                            [X-WC-Webhook-Signature] => PnneGmFwAsaaR0dOBZAGJJm1EE1WY8GQ2o4u0aeAvQg=
                            [X-WC-Webhook-ID] => 162
                            [X-WC-Webhook-Delivery-ID] => 1d645b73c0ad11a2b2120fb06c11a954
                        )

                )

            [Body] => Webhook body is not logged unless WP_DEBUG mode is turned on. This is to avoid the storing of personal data in the logs.
            [Response] => Array
                (
                    [Code] => 307
                    [Message] => Temporary Redirect
                    [Headers] => Requests_Utility_CaseInsensitiveDictionary Object
                        (
                            [data:protected] => Array
                                (
                                    [location] => https://f992-103-12-74-36.ngrok.io/webhooks/woocommerce-products/0eeb35bf8101207d0535936db012819c
                                    [ngrok-trace-id] => fa24708f3b1110e603d34707288aeb76
                                    [date] => Mon, 02 Jan 2023 11:08:22 GMT
                                    [content-length] => 0
                                )

                        )

                    [Body] => Webhook body is not logged unless WP_DEBUG mode is turned on. This is to avoid the storing of personal data in the logs.
                )

        )

)

2023-01-02T11:06:20+00:00 INFO Array
(
    [Webhook Delivery] => Array
        (
            [Delivery ID] => 1d645b73c0ad11a2b2120fb06c11a954
            [Date] => Jan 2, 2023 @ 11:06
            [URL] => http://f992-103-12-74-36.ngrok.io/webhooks/woocommerce-products/0eeb35bf8101207d0535936db012819c
            [Duration] => 0.51988
            [Request] => Array
                (
                    [Method] => POST
                    [Headers] => Array
                        (
                            [User-Agent] => WooCommerce/7.2.0 Hookshot (WordPress/5.9.2)
                            [Content-Type] => application/json
                            [X-WC-Webhook-Source] => http://localhost/woocommerce-plugin/
                            [X-WC-Webhook-Topic] => product.deleted
                            [X-WC-Webhook-Resource] => product
                            [X-WC-Webhook-Event] => deleted
                            [X-WC-Webhook-Signature] => /BstiaoPHxpE+Hug8/tDOOhCTfI/0kwRSLjT1uIA7Cc=
                            [X-WC-Webhook-ID] => 162
                            [X-WC-Webhook-Delivery-ID] => 1d645b73c0ad11a2b2120fb06c11a954
                        )

                )

            [Body] => Webhook body is not logged unless WP_DEBUG mode is turned on. This is to avoid the storing of personal data in the logs.
            [Response] => Array
                (
                    [Code] => 307
                    [Message] => Temporary Redirect
                    [Headers] => Requests_Utility_CaseInsensitiveDictionary Object
                        (
                            [data:protected] => Array
                                (
                                    [location] => https://f992-103-12-74-36.ngrok.io/webhooks/woocommerce-products/0eeb35bf8101207d0535936db012819c
                                    [ngrok-trace-id] => d6708062fbfbd55c3a9c4f99e67cbc85
                                    [date] => Mon, 02 Jan 2023 11:08:23 GMT
                                    [content-length] => 0
                                )

                        )

                    [Body] => Webhook body is not logged unless WP_DEBUG mode is turned on. This is to avoid the storing of personal data in the logs.
                )

        )

)

2023-01-02T11:06:20+00:00 INFO Array
(
    [Webhook Delivery] => Array
        (
            [Delivery ID] => 6eb3e30bc94feda435960791d6910cc8
            [Date] => Jan 2, 2023 @ 11:06
            [URL] => http://f992-103-12-74-36.ngrok.io/webhooks/woocommerce-products/0eeb35bf8101207d0535936db012819c
            [Duration] => 0.49569
            [Request] => Array
                (
                    [Method] => POST
                    [Headers] => Array
                        (
                            [User-Agent] => WooCommerce/7.2.0 Hookshot (WordPress/5.9.2)
                            [Content-Type] => application/json
                            [X-WC-Webhook-Source] => http://localhost/woocommerce-plugin/
                            [X-WC-Webhook-Topic] => product.deleted
                            [X-WC-Webhook-Resource] => product
                            [X-WC-Webhook-Event] => deleted
                            [X-WC-Webhook-Signature] => 7NCEC5a4ltUbcmwbqmDOhVPy0COAK5naN0nH0/8fGDE=
                            [X-WC-Webhook-ID] => 162
                            [X-WC-Webhook-Delivery-ID] => 6eb3e30bc94feda435960791d6910cc8
                        )

                )

            [Body] => Webhook body is not logged unless WP_DEBUG mode is turned on. This is to avoid the storing of personal data in the logs.
            [Response] => Array
                (
                    [Code] => 307
                    [Message] => Temporary Redirect
                    [Headers] => Requests_Utility_CaseInsensitiveDictionary Object
                        (
                            [data:protected] => Array
                                (
                                    [location] => https://f992-103-12-74-36.ngrok.io/webhooks/woocommerce-products/0eeb35bf8101207d0535936db012819c
                                    [ngrok-trace-id] => 171a5dff03deef2060b5eda182631a5f
                                    [date] => Mon, 02 Jan 2023 11:08:24 GMT
                                    [content-length] => 0
                                )

                        )

                    [Body] => Webhook body is not logged unless WP_DEBUG mode is turned on. This is to avoid the storing of personal data in the logs.
                )

        )

)

2023-01-02T11:06:21+00:00 INFO Array
(
    [Webhook Delivery] => Array
        (
            [Delivery ID] => 50a5ce74464f21d0344fbbc819dd1d60
            [Date] => Jan 2, 2023 @ 11:06
            [URL] => http://f992-103-12-74-36.ngrok.io/webhooks/woocommerce-products/0eeb35bf8101207d0535936db012819c
            [Duration] => 0.51065
            [Request] => Array
                (
                    [Method] => POST
                    [Headers] => Array
                        (
                            [User-Agent] => WooCommerce/7.2.0 Hookshot (WordPress/5.9.2)
                            [Content-Type] => application/json
                            [X-WC-Webhook-Source] => http://localhost/woocommerce-plugin/
                            [X-WC-Webhook-Topic] => product.deleted
                            [X-WC-Webhook-Resource] => product
                            [X-WC-Webhook-Event] => deleted
                            [X-WC-Webhook-Signature] => tK32I0sjEdRddncEnK5f+g66O4VnaJYet3FKhVf6c4Y=
                            [X-WC-Webhook-ID] => 162
                            [X-WC-Webhook-Delivery-ID] => 50a5ce74464f21d0344fbbc819dd1d60
                        )

                )

            [Body] => Webhook body is not logged unless WP_DEBUG mode is turned on. This is to avoid the storing of personal data in the logs.
            [Response] => Array
                (
                    [Code] => 307
                    [Message] => Temporary Redirect
                    [Headers] => Requests_Utility_CaseInsensitiveDictionary Object
                        (
                            [data:protected] => Array
                                (
                                    [location] => https://f992-103-12-74-36.ngrok.io/webhooks/woocommerce-products/0eeb35bf8101207d0535936db012819c
                                    [ngrok-trace-id] => 9896cb4db1d46242a667803f81fcfd8b
                                    [date] => Mon, 02 Jan 2023 11:08:24 GMT
                                    [content-length] => 0
                                )

                        )

                    [Body] => Webhook body is not logged unless WP_DEBUG mode is turned on. This is to avoid the storing of personal data in the logs.
                )

        )

)

2023-01-02T11:06:22+00:00 INFO Array
(
    [Webhook Delivery] => Array
        (
            [Delivery ID] => 50a5ce74464f21d0344fbbc819dd1d60
            [Date] => Jan 2, 2023 @ 11:06
            [URL] => http://f992-103-12-74-36.ngrok.io/webhooks/woocommerce-products/0eeb35bf8101207d0535936db012819c
            [Duration] => 0.50522
            [Request] => Array
                (
                    [Method] => POST
                    [Headers] => Array
                        (
                            [User-Agent] => WooCommerce/7.2.0 Hookshot (WordPress/5.9.2)
                            [Content-Type] => application/json
                            [X-WC-Webhook-Source] => http://localhost/woocommerce-plugin/
                            [X-WC-Webhook-Topic] => product.deleted
                            [X-WC-Webhook-Resource] => product
                            [X-WC-Webhook-Event] => deleted
                            [X-WC-Webhook-Signature] => /SpQUV9hkMxa1biOJpfI7DLfZJ2tF2G0M6E+b5+G7SU=
                            [X-WC-Webhook-ID] => 162
                            [X-WC-Webhook-Delivery-ID] => 50a5ce74464f21d0344fbbc819dd1d60
                        )

                )

            [Body] => Webhook body is not logged unless WP_DEBUG mode is turned on. This is to avoid the storing of personal data in the logs.
            [Response] => Array
                (
                    [Code] => 307
                    [Message] => Temporary Redirect
                    [Headers] => Requests_Utility_CaseInsensitiveDictionary Object
                        (
                            [data:protected] => Array
                                (
                                    [location] => https://f992-103-12-74-36.ngrok.io/webhooks/woocommerce-products/0eeb35bf8101207d0535936db012819c
                                    [ngrok-trace-id] => 8eab161d8f925e45bb89bccd0d8a6d54
                                    [date] => Mon, 02 Jan 2023 11:08:25 GMT
                                    [content-length] => 0
                                )

                        )

                    [Body] => Webhook body is not logged unless WP_DEBUG mode is turned on. This is to avoid the storing of personal data in the logs.
                )

        )

)

2023-01-02T11:06:22+00:00 INFO Array
(
    [Webhook Delivery] => Array
        (
            [Delivery ID] => 1ef2ca84a21063bc30a91eeda204c1eb
            [Date] => Jan 2, 2023 @ 11:06
            [URL] => http://f992-103-12-74-36.ngrok.io/webhooks/woocommerce-products/0eeb35bf8101207d0535936db012819c
            [Duration] => 0.49365
            [Request] => Array
                (
                    [Method] => POST
                    [Headers] => Array
                        (
                            [User-Agent] => WooCommerce/7.2.0 Hookshot (WordPress/5.9.2)
                            [Content-Type] => application/json
                            [X-WC-Webhook-Source] => http://localhost/woocommerce-plugin/
                            [X-WC-Webhook-Topic] => product.deleted
                            [X-WC-Webhook-Resource] => product
                            [X-WC-Webhook-Event] => deleted
                            [X-WC-Webhook-Signature] => MNVm2JM2XjdVtw3hWwDET8OA28ZETH6Pr0WQZMZLXDU=
                            [X-WC-Webhook-ID] => 162
                            [X-WC-Webhook-Delivery-ID] => 1ef2ca84a21063bc30a91eeda204c1eb
                        )

                )

            [Body] => Webhook body is not logged unless WP_DEBUG mode is turned on. This is to avoid the storing of personal data in the logs.
            [Response] => Array
                (
                    [Code] => 307
                    [Message] => Temporary Redirect
                    [Headers] => Requests_Utility_CaseInsensitiveDictionary Object
                        (
                            [data:protected] => Array
                                (
                                    [location] => https://f992-103-12-74-36.ngrok.io/webhooks/woocommerce-products/0eeb35bf8101207d0535936db012819c
                                    [ngrok-trace-id] => a784713eb23e43da890ee08806d06d3d
                                    [date] => Mon, 02 Jan 2023 11:08:26 GMT
                                    [content-length] => 0
                                )

                        )

                    [Body] => Webhook body is not logged unless WP_DEBUG mode is turned on. This is to avoid the storing of personal data in the logs.
                )

        )

)

2023-01-02T11:06:23+00:00 INFO Array
(
    [Webhook Delivery] => Array
        (
            [Delivery ID] => 1ef2ca84a21063bc30a91eeda204c1eb
            [Date] => Jan 2, 2023 @ 11:06
            [URL] => http://f992-103-12-74-36.ngrok.io/webhooks/woocommerce-products/0eeb35bf8101207d0535936db012819c
            [Duration] => 0.49263
            [Request] => Array
                (
                    [Method] => POST
                    [Headers] => Array
                        (
                            [User-Agent] => WooCommerce/7.2.0 Hookshot (WordPress/5.9.2)
                            [Content-Type] => application/json
                            [X-WC-Webhook-Source] => http://localhost/woocommerce-plugin/
                            [X-WC-Webhook-Topic] => product.deleted
                            [X-WC-Webhook-Resource] => product
                            [X-WC-Webhook-Event] => deleted
                            [X-WC-Webhook-Signature] => LrM2kXcoXE3O44hkpvh2EVz2s+XeMNj7TOFUQ9oPBbY=
                            [X-WC-Webhook-ID] => 162
                            [X-WC-Webhook-Delivery-ID] => 1ef2ca84a21063bc30a91eeda204c1eb
                        )

                )

            [Body] => Webhook body is not logged unless WP_DEBUG mode is turned on. This is to avoid the storing of personal data in the logs.
            [Response] => Array
                (
                    [Code] => 307
                    [Message] => Temporary Redirect
                    [Headers] => Requests_Utility_CaseInsensitiveDictionary Object
                        (
                            [data:protected] => Array
                                (
                                    [location] => https://f992-103-12-74-36.ngrok.io/webhooks/woocommerce-products/0eeb35bf8101207d0535936db012819c
                                    [ngrok-trace-id] => 86f060c9324a9e79cb4880f1591e545c
                                    [date] => Mon, 02 Jan 2023 11:08:26 GMT
                                    [content-length] => 0
                                )

                        )

                    [Body] => Webhook body is not logged unless WP_DEBUG mode is turned on. This is to avoid the storing of personal data in the logs.
                )

        )

)

2023-01-02T11:06:23+00:00 INFO Array
(
    [Webhook Delivery] => Array
        (
            [Delivery ID] => e9bad4e9d6c4eb7d755a97370cf7aa5d
            [Date] => Jan 2, 2023 @ 11:06
            [URL] => http://f992-103-12-74-36.ngrok.io/webhooks/woocommerce-products/0eeb35bf8101207d0535936db012819c
            [Duration] => 0.46534
            [Request] => Array
                (
                    [Method] => POST
                    [Headers] => Array
                        (
                            [User-Agent] => WooCommerce/7.2.0 Hookshot (WordPress/5.9.2)
                            [Content-Type] => application/json
                            [X-WC-Webhook-Source] => http://localhost/woocommerce-plugin/
                            [X-WC-Webhook-Topic] => product.deleted
                            [X-WC-Webhook-Resource] => product
                            [X-WC-Webhook-Event] => deleted
                            [X-WC-Webhook-Signature] => BsAkRgch3sZkztPLJLPo+1ypx5UhhnCQKUaV+Su//lc=
                            [X-WC-Webhook-ID] => 162
                            [X-WC-Webhook-Delivery-ID] => e9bad4e9d6c4eb7d755a97370cf7aa5d
                        )

                )

            [Body] => Webhook body is not logged unless WP_DEBUG mode is turned on. This is to avoid the storing of personal data in the logs.
            [Response] => Array
                (
                    [Code] => 307
                    [Message] => Temporary Redirect
                    [Headers] => Requests_Utility_CaseInsensitiveDictionary Object
                        (
                            [data:protected] => Array
                                (
                                    [location] => https://f992-103-12-74-36.ngrok.io/webhooks/woocommerce-products/0eeb35bf8101207d0535936db012819c
                                    [ngrok-trace-id] => ceac9ce3286bef894a4340af538fc7be
                                    [date] => Mon, 02 Jan 2023 11:08:27 GMT
                                    [content-length] => 0
                                )

                        )

                    [Body] => Webhook body is not logged unless WP_DEBUG mode is turned on. This is to avoid the storing of personal data in the logs.
                )

        )

)

2023-01-02T11:06:24+00:00 INFO Array
(
    [Webhook Delivery] => Array
        (
            [Delivery ID] => e9bad4e9d6c4eb7d755a97370cf7aa5d
            [Date] => Jan 2, 2023 @ 11:06
            [URL] => http://f992-103-12-74-36.ngrok.io/webhooks/woocommerce-products/0eeb35bf8101207d0535936db012819c
            [Duration] => 0.48545
            [Request] => Array
                (
                    [Method] => POST
                    [Headers] => Array
                        (
                            [User-Agent] => WooCommerce/7.2.0 Hookshot (WordPress/5.9.2)
                            [Content-Type] => application/json
                            [X-WC-Webhook-Source] => http://localhost/woocommerce-plugin/
                            [X-WC-Webhook-Topic] => product.deleted
                            [X-WC-Webhook-Resource] => product
                            [X-WC-Webhook-Event] => deleted
                            [X-WC-Webhook-Signature] => TrH4TO2c+BAili+a3TuPuyAYXCc3hwIAnFERy5n7L7Y=
                            [X-WC-Webhook-ID] => 162
                            [X-WC-Webhook-Delivery-ID] => e9bad4e9d6c4eb7d755a97370cf7aa5d
                        )

                )

            [Body] => Webhook body is not logged unless WP_DEBUG mode is turned on. This is to avoid the storing of personal data in the logs.
            [Response] => Array
                (
                    [Code] => 307
                    [Message] => Temporary Redirect
                    [Headers] => Requests_Utility_CaseInsensitiveDictionary Object
                        (
                            [data:protected] => Array
                                (
                                    [location] => https://f992-103-12-74-36.ngrok.io/webhooks/woocommerce-products/0eeb35bf8101207d0535936db012819c
                                    [ngrok-trace-id] => 6a2572b0623c2ac57b910b70ad5db53a
                                    [date] => Mon, 02 Jan 2023 11:08:27 GMT
                                    [content-length] => 0
                                )

                        )

                    [Body] => Webhook body is not logged unless WP_DEBUG mode is turned on. This is to avoid the storing of personal data in the logs.
                )

        )

)

2023-01-02T11:06:24+00:00 INFO Array
(
    [Webhook Delivery] => Array
        (
            [Delivery ID] => 3a0ae0fb8565ce2a88ef86275e30f1ac
            [Date] => Jan 2, 2023 @ 11:06
            [URL] => http://f992-103-12-74-36.ngrok.io/webhooks/woocommerce-products/0eeb35bf8101207d0535936db012819c
            [Duration] => 0.47777
            [Request] => Array
                (
                    [Method] => POST
                    [Headers] => Array
                        (
                            [User-Agent] => WooCommerce/7.2.0 Hookshot (WordPress/5.9.2)
                            [Content-Type] => application/json
                            [X-WC-Webhook-Source] => http://localhost/woocommerce-plugin/
                            [X-WC-Webhook-Topic] => product.deleted
                            [X-WC-Webhook-Resource] => product
                            [X-WC-Webhook-Event] => deleted
                            [X-WC-Webhook-Signature] => NEEj7VwzZ1xEI++kiuvbe4cFU/+lAbsKE2mV8uRbk6g=
                            [X-WC-Webhook-ID] => 162
                            [X-WC-Webhook-Delivery-ID] => 3a0ae0fb8565ce2a88ef86275e30f1ac
                        )

                )

            [Body] => Webhook body is not logged unless WP_DEBUG mode is turned on. This is to avoid the storing of personal data in the logs.
            [Response] => Array
                (
                    [Code] => 307
                    [Message] => Temporary Redirect
                    [Headers] => Requests_Utility_CaseInsensitiveDictionary Object
                        (
                            [data:protected] => Array
                                (
                                    [location] => https://f992-103-12-74-36.ngrok.io/webhooks/woocommerce-products/0eeb35bf8101207d0535936db012819c
                                    [ngrok-trace-id] => 0fd34ffbd0da603faab4f643d95bec58
                                    [date] => Mon, 02 Jan 2023 11:08:28 GMT
                                    [content-length] => 0
                                )

                        )

                    [Body] => Webhook body is not logged unless WP_DEBUG mode is turned on. This is to avoid the storing of personal data in the logs.
                )

        )

)

2023-01-02T11:06:25+00:00 INFO Array
(
    [Webhook Delivery] => Array
        (
            [Delivery ID] => 3a0ae0fb8565ce2a88ef86275e30f1ac
            [Date] => Jan 2, 2023 @ 11:06
            [URL] => http://f992-103-12-74-36.ngrok.io/webhooks/woocommerce-products/0eeb35bf8101207d0535936db012819c
            [Duration] => 0.50939
            [Request] => Array
                (
                    [Method] => POST
                    [Headers] => Array
                        (
                            [User-Agent] => WooCommerce/7.2.0 Hookshot (WordPress/5.9.2)
                            [Content-Type] => application/json
                            [X-WC-Webhook-Source] => http://localhost/woocommerce-plugin/
                            [X-WC-Webhook-Topic] => product.deleted
                            [X-WC-Webhook-Resource] => product
                            [X-WC-Webhook-Event] => deleted
                            [X-WC-Webhook-Signature] => oar7Sz2oXVCIKevg2KJ+a0RhvZSG+2VF6RYm/sxn8aQ=
                            [X-WC-Webhook-ID] => 162
                            [X-WC-Webhook-Delivery-ID] => 3a0ae0fb8565ce2a88ef86275e30f1ac
                        )

                )

            [Body] => Webhook body is not logged unless WP_DEBUG mode is turned on. This is to avoid the storing of personal data in the logs.
            [Response] => Array
                (
                    [Code] => 307
                    [Message] => Temporary Redirect
                    [Headers] => Requests_Utility_CaseInsensitiveDictionary Object
                        (
                            [data:protected] => Array
                                (
                                    [location] => https://f992-103-12-74-36.ngrok.io/webhooks/woocommerce-products/0eeb35bf8101207d0535936db012819c
                                    [ngrok-trace-id] => f308e125a9d4f4f8edbc07abb1b46e98
                                    [date] => Mon, 02 Jan 2023 11:08:28 GMT
                                    [content-length] => 0
                                )

                        )

                    [Body] => Webhook body is not logged unless WP_DEBUG mode is turned on. This is to avoid the storing of personal data in the logs.
                )

        )

)

2023-01-02T11:06:26+00:00 INFO Array
(
    [Webhook Delivery] => Array
        (
            [Delivery ID] => e04ed0c5686062bcfc97e4e44be5d746
            [Date] => Jan 2, 2023 @ 11:06
            [URL] => http://f992-103-12-74-36.ngrok.io/webhooks/woocommerce-products/0eeb35bf8101207d0535936db012819c
            [Duration] => 0.4768
            [Request] => Array
                (
                    [Method] => POST
                    [Headers] => Array
                        (
                            [User-Agent] => WooCommerce/7.2.0 Hookshot (WordPress/5.9.2)
                            [Content-Type] => application/json
                            [X-WC-Webhook-Source] => http://localhost/woocommerce-plugin/
                            [X-WC-Webhook-Topic] => product.deleted
                            [X-WC-Webhook-Resource] => product
                            [X-WC-Webhook-Event] => deleted
                            [X-WC-Webhook-Signature] => nJsP+f7vl7ZbxCJBruqY+aKCXwevEteDwlhe5hD32yg=
                            [X-WC-Webhook-ID] => 162
                            [X-WC-Webhook-Delivery-ID] => e04ed0c5686062bcfc97e4e44be5d746
                        )

                )

            [Body] => Webhook body is not logged unless WP_DEBUG mode is turned on. This is to avoid the storing of personal data in the logs.
            [Response] => Array
                (
                    [Code] => 307
                    [Message] => Temporary Redirect
                    [Headers] => Requests_Utility_CaseInsensitiveDictionary Object
                        (
                            [data:protected] => Array
                                (
                                    [location] => https://f992-103-12-74-36.ngrok.io/webhooks/woocommerce-products/0eeb35bf8101207d0535936db012819c
                                    [ngrok-trace-id] => ba03d9d242df31601e5937156836706e
                                    [date] => Mon, 02 Jan 2023 11:08:29 GMT
                                    [content-length] => 0
                                )

                        )

                    [Body] => Webhook body is not logged unless WP_DEBUG mode is turned on. This is to avoid the storing of personal data in the logs.
                )

        )

)

2023-01-02T11:06:26+00:00 INFO Array
(
    [Webhook Delivery] => Array
        (
            [Delivery ID] => fed410e22e3a4ad887cd5e3ecde07cbb
            [Date] => Jan 2, 2023 @ 11:06
            [URL] => http://f992-103-12-74-36.ngrok.io/webhooks/woocommerce-products/0eeb35bf8101207d0535936db012819c
            [Duration] => 0.48417
            [Request] => Array
                (
                    [Method] => POST
                    [Headers] => Array
                        (
                            [User-Agent] => WooCommerce/7.2.0 Hookshot (WordPress/5.9.2)
                            [Content-Type] => application/json
                            [X-WC-Webhook-Source] => http://localhost/woocommerce-plugin/
                            [X-WC-Webhook-Topic] => product.deleted
                            [X-WC-Webhook-Resource] => product
                            [X-WC-Webhook-Event] => deleted
                            [X-WC-Webhook-Signature] => bPA5CKBqeE8KCDCmVBb/kU/uOV2jNix6kdjNaVzL/yA=
                            [X-WC-Webhook-ID] => 162
                            [X-WC-Webhook-Delivery-ID] => fed410e22e3a4ad887cd5e3ecde07cbb
                        )

                )

            [Body] => Webhook body is not logged unless WP_DEBUG mode is turned on. This is to avoid the storing of personal data in the logs.
            [Response] => Array
                (
                    [Code] => 307
                    [Message] => Temporary Redirect
                    [Headers] => Requests_Utility_CaseInsensitiveDictionary Object
                        (
                            [data:protected] => Array
                                (
                                    [location] => https://f992-103-12-74-36.ngrok.io/webhooks/woocommerce-products/0eeb35bf8101207d0535936db012819c
                                    [ngrok-trace-id] => 03114dd95bba17bcbaa050be53cf1053
                                    [date] => Mon, 02 Jan 2023 11:08:29 GMT
                                    [content-length] => 0
                                )

                        )

                    [Body] => Webhook body is not logged unless WP_DEBUG mode is turned on. This is to avoid the storing of personal data in the logs.
                )

        )

)

2023-01-02T11:06:27+00:00 INFO Array
(
    [Webhook Delivery] => Array
        (
            [Delivery ID] => fed410e22e3a4ad887cd5e3ecde07cbb
            [Date] => Jan 2, 2023 @ 11:06
            [URL] => http://f992-103-12-74-36.ngrok.io/webhooks/woocommerce-products/0eeb35bf8101207d0535936db012819c
            [Duration] => 0.49305
            [Request] => Array
                (
                    [Method] => POST
                    [Headers] => Array
                        (
                            [User-Agent] => WooCommerce/7.2.0 Hookshot (WordPress/5.9.2)
                            [Content-Type] => application/json
                            [X-WC-Webhook-Source] => http://localhost/woocommerce-plugin/
                            [X-WC-Webhook-Topic] => product.deleted
                            [X-WC-Webhook-Resource] => product
                            [X-WC-Webhook-Event] => deleted
                            [X-WC-Webhook-Signature] => sdB0fPQjAEH/U3XNquA4fEXmQAEAC5E14mdPUGLdfa0=
                            [X-WC-Webhook-ID] => 162
                            [X-WC-Webhook-Delivery-ID] => fed410e22e3a4ad887cd5e3ecde07cbb
                        )

                )

            [Body] => Webhook body is not logged unless WP_DEBUG mode is turned on. This is to avoid the storing of personal data in the logs.
            [Response] => Array
                (
                    [Code] => 307
                    [Message] => Temporary Redirect
                    [Headers] => Requests_Utility_CaseInsensitiveDictionary Object
                        (
                            [data:protected] => Array
                                (
                                    [location] => https://f992-103-12-74-36.ngrok.io/webhooks/woocommerce-products/0eeb35bf8101207d0535936db012819c
                                    [ngrok-trace-id] => a5625b774f8bc41b64e6a9ca0c3fc69e
                                    [date] => Mon, 02 Jan 2023 11:08:30 GMT
                                    [content-length] => 0
                                )

                        )

                    [Body] => Webhook body is not logged unless WP_DEBUG mode is turned on. This is to avoid the storing of personal data in the logs.
                )

        )

)

2023-01-02T11:06:27+00:00 INFO Array
(
    [Webhook Delivery] => Array
        (
            [Delivery ID] => 0eec7031bcc90c01e892d775deacee54
            [Date] => Jan 2, 2023 @ 11:06
            [URL] => http://f992-103-12-74-36.ngrok.io/webhooks/woocommerce-products/0eeb35bf8101207d0535936db012819c
            [Duration] => 0.49856
            [Request] => Array
                (
                    [Method] => POST
                    [Headers] => Array
                        (
                            [User-Agent] => WooCommerce/7.2.0 Hookshot (WordPress/5.9.2)
                            [Content-Type] => application/json
                            [X-WC-Webhook-Source] => http://localhost/woocommerce-plugin/
                            [X-WC-Webhook-Topic] => product.deleted
                            [X-WC-Webhook-Resource] => product
                            [X-WC-Webhook-Event] => deleted
                            [X-WC-Webhook-Signature] => Ogds45Ee8bEW8OCPBSE7pzJGhhACJg0tGpGyrvTdgp8=
                            [X-WC-Webhook-ID] => 162
                            [X-WC-Webhook-Delivery-ID] => 0eec7031bcc90c01e892d775deacee54
                        )

                )

            [Body] => Webhook body is not logged unless WP_DEBUG mode is turned on. This is to avoid the storing of personal data in the logs.
            [Response] => Array
                (
                    [Code] => 307
                    [Message] => Temporary Redirect
                    [Headers] => Requests_Utility_CaseInsensitiveDictionary Object
                        (
                            [data:protected] => Array
                                (
                                    [location] => https://f992-103-12-74-36.ngrok.io/webhooks/woocommerce-products/0eeb35bf8101207d0535936db012819c
                                    [ngrok-trace-id] => deb6d75d1353f41b7df4875b6a9de07d
                                    [date] => Mon, 02 Jan 2023 11:08:31 GMT
                                    [content-length] => 0
                                )

                        )

                    [Body] => Webhook body is not logged unless WP_DEBUG mode is turned on. This is to avoid the storing of personal data in the logs.
                )

        )

)

2023-01-02T11:06:28+00:00 INFO Array
(
    [Webhook Delivery] => Array
        (
            [Delivery ID] => 0eec7031bcc90c01e892d775deacee54
            [Date] => Jan 2, 2023 @ 11:06
            [URL] => http://f992-103-12-74-36.ngrok.io/webhooks/woocommerce-products/0eeb35bf8101207d0535936db012819c
            [Duration] => 0.48254
            [Request] => Array
                (
                    [Method] => POST
                    [Headers] => Array
                        (
                            [User-Agent] => WooCommerce/7.2.0 Hookshot (WordPress/5.9.2)
                            [Content-Type] => application/json
                            [X-WC-Webhook-Source] => http://localhost/woocommerce-plugin/
                            [X-WC-Webhook-Topic] => product.deleted
                            [X-WC-Webhook-Resource] => product
                            [X-WC-Webhook-Event] => deleted
                            [X-WC-Webhook-Signature] => ZbYW5UNwGlqjv/1TpKjn/oICTdiTbfhbU+P0QeswXNA=
                            [X-WC-Webhook-ID] => 162
                            [X-WC-Webhook-Delivery-ID] => 0eec7031bcc90c01e892d775deacee54
                        )

                )

            [Body] => Webhook body is not logged unless WP_DEBUG mode is turned on. This is to avoid the storing of personal data in the logs.
            [Response] => Array
                (
                    [Code] => 307
                    [Message] => Temporary Redirect
                    [Headers] => Requests_Utility_CaseInsensitiveDictionary Object
                        (
                            [data:protected] => Array
                                (
                                    [location] => https://f992-103-12-74-36.ngrok.io/webhooks/woocommerce-products/0eeb35bf8101207d0535936db012819c
                                    [ngrok-trace-id] => ae4df5e3070729704d6124774425e621
                                    [date] => Mon, 02 Jan 2023 11:08:31 GMT
                                    [content-length] => 0
                                )

                        )

                    [Body] => Webhook body is not logged unless WP_DEBUG mode is turned on. This is to avoid the storing of personal data in the logs.
                )

        )

)

2023-01-02T11:06:34+00:00 INFO Array
(
    [Webhook Delivery] => Array
        (
            [Delivery ID] => aa3ca7464ae33785543390cd13414b68
            [Date] => Jan 2, 2023 @ 11:06
            [URL] => http://f992-103-12-74-36.ngrok.io/webhooks/woocommerce-products/0eeb35bf8101207d0535936db012819c
            [Duration] => 0.50296
            [Request] => Array
                (
                    [Method] => POST
                    [Headers] => Array
                        (
                            [User-Agent] => WooCommerce/7.2.0 Hookshot (WordPress/5.9.2)
                            [Content-Type] => application/json
                            [X-WC-Webhook-Source] => http://localhost/woocommerce-plugin/
                            [X-WC-Webhook-Topic] => product.deleted
                            [X-WC-Webhook-Resource] => product
                            [X-WC-Webhook-Event] => deleted
                            [X-WC-Webhook-Signature] => DjxB7dbN1UbzKDFqpdmEAostHwsSKLIX6UyEMdW7K1A=
                            [X-WC-Webhook-ID] => 162
                            [X-WC-Webhook-Delivery-ID] => aa3ca7464ae33785543390cd13414b68
                        )

                )

            [Body] => Webhook body is not logged unless WP_DEBUG mode is turned on. This is to avoid the storing of personal data in the logs.
            [Response] => Array
                (
                    [Code] => 307
                    [Message] => Temporary Redirect
                    [Headers] => Requests_Utility_CaseInsensitiveDictionary Object
                        (
                            [data:protected] => Array
                                (
                                    [location] => https://f992-103-12-74-36.ngrok.io/webhooks/woocommerce-products/0eeb35bf8101207d0535936db012819c
                                    [ngrok-trace-id] => be19b42ac0c952c47c0c23cd264b3cb9
                                    [date] => Mon, 02 Jan 2023 11:08:37 GMT
                                    [content-length] => 0
                                )

                        )

                    [Body] => Webhook body is not logged unless WP_DEBUG mode is turned on. This is to avoid the storing of personal data in the logs.
                )

        )

)

2023-01-02T11:06:34+00:00 INFO Array
(
    [Webhook Delivery] => Array
        (
            [Delivery ID] => 50fd080975134d703dfcf6eccc302f2c
            [Date] => Jan 2, 2023 @ 11:06
            [URL] => http://f992-103-12-74-36.ngrok.io/webhooks/woocommerce-products/0eeb35bf8101207d0535936db012819c
            [Duration] => 0.47574
            [Request] => Array
                (
                    [Method] => POST
                    [Headers] => Array
                        (
                            [User-Agent] => WooCommerce/7.2.0 Hookshot (WordPress/5.9.2)
                            [Content-Type] => application/json
                            [X-WC-Webhook-Source] => http://localhost/woocommerce-plugin/
                            [X-WC-Webhook-Topic] => product.deleted
                            [X-WC-Webhook-Resource] => product
                            [X-WC-Webhook-Event] => deleted
                            [X-WC-Webhook-Signature] => tAWkXjY13ZvJTwv+i0TON9FVsf5EDeGDXy1sO79qeZ8=
                            [X-WC-Webhook-ID] => 162
                            [X-WC-Webhook-Delivery-ID] => 50fd080975134d703dfcf6eccc302f2c
                        )

                )

            [Body] => Webhook body is not logged unless WP_DEBUG mode is turned on. This is to avoid the storing of personal data in the logs.
            [Response] => Array
                (
                    [Code] => 307
                    [Message] => Temporary Redirect
                    [Headers] => Requests_Utility_CaseInsensitiveDictionary Object
                        (
                            [data:protected] => Array
                                (
                                    [location] => https://f992-103-12-74-36.ngrok.io/webhooks/woocommerce-products/0eeb35bf8101207d0535936db012819c
                                    [ngrok-trace-id] => 8d147cbd01e955232e39d464ed652524
                                    [date] => Mon, 02 Jan 2023 11:08:38 GMT
                                    [content-length] => 0
                                )

                        )

                    [Body] => Webhook body is not logged unless WP_DEBUG mode is turned on. This is to avoid the storing of personal data in the logs.
                )

        )

)

2023-01-02T11:06:35+00:00 INFO Array
(
    [Webhook Delivery] => Array
        (
            [Delivery ID] => 12f46cd28309d24fc2d6a44478fbb092
            [Date] => Jan 2, 2023 @ 11:06
            [URL] => http://f992-103-12-74-36.ngrok.io/webhooks/woocommerce-products/0eeb35bf8101207d0535936db012819c
            [Duration] => 0.50022
            [Request] => Array
                (
                    [Method] => POST
                    [Headers] => Array
                        (
                            [User-Agent] => WooCommerce/7.2.0 Hookshot (WordPress/5.9.2)
                            [Content-Type] => application/json
                            [X-WC-Webhook-Source] => http://localhost/woocommerce-plugin/
                            [X-WC-Webhook-Topic] => product.deleted
                            [X-WC-Webhook-Resource] => product
                            [X-WC-Webhook-Event] => deleted
                            [X-WC-Webhook-Signature] => 0ulzs4+0vIyQ/q6nH578lin1PWcWCNUQ70TF14NdPJo=
                            [X-WC-Webhook-ID] => 162
                            [X-WC-Webhook-Delivery-ID] => 12f46cd28309d24fc2d6a44478fbb092
                        )

                )

            [Body] => Webhook body is not logged unless WP_DEBUG mode is turned on. This is to avoid the storing of personal data in the logs.
            [Response] => Array
                (
                    [Code] => 307
                    [Message] => Temporary Redirect
                    [Headers] => Requests_Utility_CaseInsensitiveDictionary Object
                        (
                            [data:protected] => Array
                                (
                                    [location] => https://f992-103-12-74-36.ngrok.io/webhooks/woocommerce-products/0eeb35bf8101207d0535936db012819c
                                    [ngrok-trace-id] => 58ae24b53b865b496ded7ebac51cd404
                                    [date] => Mon, 02 Jan 2023 11:08:38 GMT
                                    [content-length] => 0
                                )

                        )

                    [Body] => Webhook body is not logged unless WP_DEBUG mode is turned on. This is to avoid the storing of personal data in the logs.
                )

        )

)

2023-01-02T11:06:36+00:00 INFO Array
(
    [Webhook Delivery] => Array
        (
            [Delivery ID] => 12f46cd28309d24fc2d6a44478fbb092
            [Date] => Jan 2, 2023 @ 11:06
            [URL] => http://f992-103-12-74-36.ngrok.io/webhooks/woocommerce-products/0eeb35bf8101207d0535936db012819c
            [Duration] => 0.48776
            [Request] => Array
                (
                    [Method] => POST
                    [Headers] => Array
                        (
                            [User-Agent] => WooCommerce/7.2.0 Hookshot (WordPress/5.9.2)
                            [Content-Type] => application/json
                            [X-WC-Webhook-Source] => http://localhost/woocommerce-plugin/
                            [X-WC-Webhook-Topic] => product.deleted
                            [X-WC-Webhook-Resource] => product
                            [X-WC-Webhook-Event] => deleted
                            [X-WC-Webhook-Signature] => 7MCgNtzOzQHdm13nbHK1V/sKaZwHucWrxzFxqNmZ/wQ=
                            [X-WC-Webhook-ID] => 162
                            [X-WC-Webhook-Delivery-ID] => 12f46cd28309d24fc2d6a44478fbb092
                        )

                )

            [Body] => Webhook body is not logged unless WP_DEBUG mode is turned on. This is to avoid the storing of personal data in the logs.
            [Response] => Array
                (
                    [Code] => 307
                    [Message] => Temporary Redirect
                    [Headers] => Requests_Utility_CaseInsensitiveDictionary Object
                        (
                            [data:protected] => Array
                                (
                                    [location] => https://f992-103-12-74-36.ngrok.io/webhooks/woocommerce-products/0eeb35bf8101207d0535936db012819c
                                    [ngrok-trace-id] => b0ed19df8ecf18fc905a6042e8e3985f
                                    [date] => Mon, 02 Jan 2023 11:08:39 GMT
                                    [content-length] => 0
                                )

                        )

                    [Body] => Webhook body is not logged unless WP_DEBUG mode is turned on. This is to avoid the storing of personal data in the logs.
                )

        )

)

2023-01-02T11:06:36+00:00 INFO Array
(
    [Webhook Delivery] => Array
        (
            [Delivery ID] => ccd5b655808e8180a26ef8b6a0d07928
            [Date] => Jan 2, 2023 @ 11:06
            [URL] => http://f992-103-12-74-36.ngrok.io/webhooks/woocommerce-products/0eeb35bf8101207d0535936db012819c
            [Duration] => 0.49232
            [Request] => Array
                (
                    [Method] => POST
                    [Headers] => Array
                        (
                            [User-Agent] => WooCommerce/7.2.0 Hookshot (WordPress/5.9.2)
                            [Content-Type] => application/json
                            [X-WC-Webhook-Source] => http://localhost/woocommerce-plugin/
                            [X-WC-Webhook-Topic] => product.deleted
                            [X-WC-Webhook-Resource] => product
                            [X-WC-Webhook-Event] => deleted
                            [X-WC-Webhook-Signature] => QbhulzZyNZxFt0qALMr5uldg7cxhjimRH+30OgiFst0=
                            [X-WC-Webhook-ID] => 162
                            [X-WC-Webhook-Delivery-ID] => ccd5b655808e8180a26ef8b6a0d07928
                        )

                )

            [Body] => Webhook body is not logged unless WP_DEBUG mode is turned on. This is to avoid the storing of personal data in the logs.
            [Response] => Array
                (
                    [Code] => 307
                    [Message] => Temporary Redirect
                    [Headers] => Requests_Utility_CaseInsensitiveDictionary Object
                        (
                            [data:protected] => Array
                                (
                                    [location] => https://f992-103-12-74-36.ngrok.io/webhooks/woocommerce-products/0eeb35bf8101207d0535936db012819c
                                    [ngrok-trace-id] => ab4fcd1b199f246ecff04d6dc24070a1
                                    [date] => Mon, 02 Jan 2023 11:08:39 GMT
                                    [content-length] => 0
                                )

                        )

                    [Body] => Webhook body is not logged unless WP_DEBUG mode is turned on. This is to avoid the storing of personal data in the logs.
                )

        )

)

2023-01-02T11:06:37+00:00 INFO Array
(
    [Webhook Delivery] => Array
        (
            [Delivery ID] => ccd5b655808e8180a26ef8b6a0d07928
            [Date] => Jan 2, 2023 @ 11:06
            [URL] => http://f992-103-12-74-36.ngrok.io/webhooks/woocommerce-products/0eeb35bf8101207d0535936db012819c
            [Duration] => 0.49177
            [Request] => Array
                (
                    [Method] => POST
                    [Headers] => Array
                        (
                            [User-Agent] => WooCommerce/7.2.0 Hookshot (WordPress/5.9.2)
                            [Content-Type] => application/json
                            [X-WC-Webhook-Source] => http://localhost/woocommerce-plugin/
                            [X-WC-Webhook-Topic] => product.deleted
                            [X-WC-Webhook-Resource] => product
                            [X-WC-Webhook-Event] => deleted
                            [X-WC-Webhook-Signature] => M4i7M4ntfmjB2BhKu0MaMr4kashvug8Ca28wFIAAwdQ=
                            [X-WC-Webhook-ID] => 162
                            [X-WC-Webhook-Delivery-ID] => ccd5b655808e8180a26ef8b6a0d07928
                        )

                )

            [Body] => Webhook body is not logged unless WP_DEBUG mode is turned on. This is to avoid the storing of personal data in the logs.
            [Response] => Array
                (
                    [Code] => 307
                    [Message] => Temporary Redirect
                    [Headers] => Requests_Utility_CaseInsensitiveDictionary Object
                        (
                            [data:protected] => Array
                                (
                                    [location] => https://f992-103-12-74-36.ngrok.io/webhooks/woocommerce-products/0eeb35bf8101207d0535936db012819c
                                    [ngrok-trace-id] => fd656ea040bd95270f98d8f4189b0c86
                                    [date] => Mon, 02 Jan 2023 11:08:40 GMT
                                    [content-length] => 0
                                )

                        )

                    [Body] => Webhook body is not logged unless WP_DEBUG mode is turned on. This is to avoid the storing of personal data in the logs.
                )

        )

)

2023-01-02T11:06:37+00:00 INFO Array
(
    [Webhook Delivery] => Array
        (
            [Delivery ID] => c1512403f20d941f6eaf64ca2196281b
            [Date] => Jan 2, 2023 @ 11:06
            [URL] => http://f992-103-12-74-36.ngrok.io/webhooks/woocommerce-products/0eeb35bf8101207d0535936db012819c
            [Duration] => 0.49085
            [Request] => Array
                (
                    [Method] => POST
                    [Headers] => Array
                        (
                            [User-Agent] => WooCommerce/7.2.0 Hookshot (WordPress/5.9.2)
                            [Content-Type] => application/json
                            [X-WC-Webhook-Source] => http://localhost/woocommerce-plugin/
                            [X-WC-Webhook-Topic] => product.deleted
                            [X-WC-Webhook-Resource] => product
                            [X-WC-Webhook-Event] => deleted
                            [X-WC-Webhook-Signature] => VIAHnjt2aNZSuEO5Q4wrRuzt17n5AnbLamp0ZREVzrA=
                            [X-WC-Webhook-ID] => 162
                            [X-WC-Webhook-Delivery-ID] => c1512403f20d941f6eaf64ca2196281b
                        )

                )

            [Body] => Webhook body is not logged unless WP_DEBUG mode is turned on. This is to avoid the storing of personal data in the logs.
            [Response] => Array
                (
                    [Code] => 307
                    [Message] => Temporary Redirect
                    [Headers] => Requests_Utility_CaseInsensitiveDictionary Object
                        (
                            [data:protected] => Array
                                (
                                    [location] => https://f992-103-12-74-36.ngrok.io/webhooks/woocommerce-products/0eeb35bf8101207d0535936db012819c
                                    [ngrok-trace-id] => a805e72d41f8baa9a51e83f25a25d6f2
                                    [date] => Mon, 02 Jan 2023 11:08:41 GMT
                                    [content-length] => 0
                                )

                        )

                    [Body] => Webhook body is not logged unless WP_DEBUG mode is turned on. This is to avoid the storing of personal data in the logs.
                )

        )

)

2023-01-02T11:06:38+00:00 INFO Array
(
    [Webhook Delivery] => Array
        (
            [Delivery ID] => c1512403f20d941f6eaf64ca2196281b
            [Date] => Jan 2, 2023 @ 11:06
            [URL] => http://f992-103-12-74-36.ngrok.io/webhooks/woocommerce-products/0eeb35bf8101207d0535936db012819c
            [Duration] => 0.50155
            [Request] => Array
                (
                    [Method] => POST
                    [Headers] => Array
                        (
                            [User-Agent] => WooCommerce/7.2.0 Hookshot (WordPress/5.9.2)
                            [Content-Type] => application/json
                            [X-WC-Webhook-Source] => http://localhost/woocommerce-plugin/
                            [X-WC-Webhook-Topic] => product.deleted
                            [X-WC-Webhook-Resource] => product
                            [X-WC-Webhook-Event] => deleted
                            [X-WC-Webhook-Signature] => r8QfnhpopdulbrZah1nNhQISo8nPu+2Oz11PbObxv3k=
                            [X-WC-Webhook-ID] => 162
                            [X-WC-Webhook-Delivery-ID] => c1512403f20d941f6eaf64ca2196281b
                        )

                )

            [Body] => Webhook body is not logged unless WP_DEBUG mode is turned on. This is to avoid the storing of personal data in the logs.
            [Response] => Array
                (
                    [Code] => 307
                    [Message] => Temporary Redirect
                    [Headers] => Requests_Utility_CaseInsensitiveDictionary Object
                        (
                            [data:protected] => Array
                                (
                                    [location] => https://f992-103-12-74-36.ngrok.io/webhooks/woocommerce-products/0eeb35bf8101207d0535936db012819c
                                    [ngrok-trace-id] => eda310e9adab0b8154cc5093963e1554
                                    [date] => Mon, 02 Jan 2023 11:08:41 GMT
                                    [content-length] => 0
                                )

                        )

                    [Body] => Webhook body is not logged unless WP_DEBUG mode is turned on. This is to avoid the storing of personal data in the logs.
                )

        )

)

